#
# A fatal error has been detected by the Java Runtime Environment:
#
#  EXCEPTION_ACCESS_VIOLATION (0xc0000005) at pc=0x00007ffcb6b1bdf1, pid=16920, tid=8180
#
# JRE version: Java(TM) SE Runtime Environment (23.0.2+7) (build 23.0.2+7-58)
# Java VM: Java HotSpot(TM) 64-Bit Server VM (23.0.2+7-58, mixed mode, sharing, tiered, compressed oops, compressed class ptrs, g1 gc, windows-amd64)
# Problematic frame:
# C  [awt.dll+0xdbdf1]
#
# No core dump will be written. Minidumps are not enabled by default on client versions of Windows
#
# If you would like to submit a bug report, please visit:
#   https://bugreport.java.com/bugreport/crash.jsp
# The crash happened outside the Java Virtual Machine in native code.
# See problematic frame for where to report the bug.
#

---------------  S U M M A R Y ------------

Command Line: --enable-preview vista.Principal

Host: AMD Ryzen 5 7535HS with Radeon Graphics        , 12 cores, 15G,  Windows 11 , 64 bit Build 26100 (10.0.26100.3912)
Time: Tue Jul  1 08:32:09 2025 Hora est. Pacífico, Sudamérica elapsed time: 1959.822089 seconds (0d 0h 32m 39s)

---------------  T H R E A D  ---------------

Current thread (0x0000011d611cac40):  JavaThread "AWT-Windows" daemon [_thread_in_native, id=8180, stack(0x0000000e11d00000,0x0000000e11e00000) (1024K)]

Stack: [0x0000000e11d00000,0x0000000e11e00000],  sp=0x0000000e11dfea10,  free space=1018k
Native frames: (J=compiled Java code, j=interpreted, Vv=VM code, C=native code)
C  [awt.dll+0xdbdf1]  (no source info available)
C  [awt.dll+0x9782c]  (no source info available)
C  [awt.dll+0x978d6]  (no source info available)
C  [awt.dll+0x94ca6]  (no source info available)
C  [awt.dll+0xe0f7c]  (no source info available)
C  [awt.dll+0xb0d2d]  (no source info available)
C  [awt.dll+0x97e0d]  (no source info available)
C  [USER32.dll+0xe83a]  (no source info available)
C  [USER32.dll+0xe28f]  (no source info available)
C  [awt.dll+0x161c3]  (no source info available)
C  [COMCTL32.dll+0x24d18]  (no source info available)
C  [COMCTL32.dll+0x24aef]  (no source info available)
C  [USER32.dll+0xe83a]  (no source info available)
C  [USER32.dll+0x2ccb2]  (no source info available)
C  [awt.dll+0xd52fe]  (no source info available)
C  [awt.dll+0xd7232]  (no source info available)
C  0x0000011d0fbbd207  (no source info available)

The last pc belongs to native method entry point (kind = native) (printed below).
Java frames: (J=compiled Java code, j=interpreted, Vv=VM code)
j  sun.awt.windows.WToolkit.eventLoop()V+0 java.desktop@23.0.2
j  sun.awt.windows.WToolkit.run()V+50 java.desktop@23.0.2
j  java.lang.Thread.runWith(Ljava/lang/Object;Ljava/lang/Runnable;)V+5 java.base@23.0.2
j  java.lang.Thread.run()V+19 java.base@23.0.2
v  ~StubRoutines::call_stub 0x0000011d0fbb0fcd

siginfo: EXCEPTION_ACCESS_VIOLATION (0xc0000005), reading address 0x0000000000000008


Registers:
RAX=0x0000000000000000, RBX=0x0000011d6afd5bd0, RCX=0x0000000000000000, RDX=0x0000000000000000
RSP=0x0000000e11dfea10, RBP=0x0000000e11dfeb19, RSI=0x00000000040111e4, RDI=0x0000000000000000
R8 =0x0000000000000001, R9 =0x0000000e103f8000, R10=0x0000000000000000, R11=0x0000000000000246
R12=0x0000000000000000, R13=0x0000000000000310, R14=0x0000000000000000, R15=0x0000000000000000
RIP=0x00007ffcb6b1bdf1, EFLAGS=0x0000000000010246


Register to memory mapping:

RAX=0x0 is null
RBX=0x0000011d6afd5bd0 points into unknown readable memory: 0x0000011d6cb40c90 | 90 0c b4 6c 1d 01 00 00
RCX=0x0 is null
RDX=0x0 is null
RSP=0x0000000e11dfea10 is pointing into the stack for thread: 0x0000011d611cac40
RBP=0x0000000e11dfeb19 is pointing into the stack for thread: 0x0000011d611cac40
RSI=0x00000000040111e4 is an unknown value
RDI=0x0 is null
R8 =0x0000000000000001 is an unknown value
R9 =0x0000000e103f8000 points into unknown readable memory: 0x0000000000000000 | 00 00 00 00 00 00 00 00
R10=0x0 is null
R11=0x0000000000000246 is an unknown value
R12=0x0 is null
R13=0x0000000000000310 is an unknown value
R14=0x0 is null
R15=0x0 is null

Top of Stack: (sp=0x0000000e11dfea10)
0x0000000e11dfea10:   00007ffcb6b79838 00000000040111e4
0x0000000e11dfea20:   0000000000000000 0000000000000000
0x0000000e11dfea30:   0000000000000000 00007ffcb6ad782c
0x0000000e11dfea40:   00000000040111e4 0000011d6b33c410
0x0000000e11dfea50:   0000011d6afd5bd0 0000000000000000
0x0000000e11dfea60:   0000000000000000 00007ffcb6ad78d6
0x0000000e11dfea70:   0000011d6b33c410 00007ffcb6a40000
0x0000000e11dfea80:   0000000e11dfeb78 00007ffccf5a4d18
0x0000000e11dfea90:   0000000000000000 00007ffcb6ad4ca6
0x0000000e11dfeaa0:   0000011d6b33c410 0000000000000000
0x0000000e11dfeab0:   00007ffcb6ad7db0 00007ffce7a33ffe
0x0000000e11dfeac0:   0000000000000000 000000000000c1bc
0x0000000e11dfead0:   0000000e11dfeb70 0000000000000001
0x0000000e11dfeae0:   0000000000000000 0000000e11dfeb78
0x0000000e11dfeaf0:   0000000000000000 0000000000000000
0x0000000e11dfeb00:   0000000000000000 0000011d611cb000
0x0000000e11dfeb10:   0000011d6b33c4b0 0000000000000000
0x0000000e11dfeb20:   0000000000000000 00009c94869914f4
0x0000000e11dfeb30:   0000000000000000 0000000000000000
0x0000000e11dfeb40:   0000000000000000 0000000000000000
0x0000000e11dfeb50:   0000000000000000 0000000000000310
0x0000000e11dfeb60:   0000000000000000 0000011d6b33c410
0x0000000e11dfeb70:   0000011d6b33c410 00007ffcb6b20f7c
0x0000000e11dfeb80:   0000000000000000 00006a3834244260
0x0000000e11dfeb90:   0000bd5989a6b2bd 000000000043074c
0x0000000e11dfeba0:   000000000000c1bc 0000000000000022
0x0000000e11dfebb0:   0000000000000000 00007ffce781e8fb
0x0000000e11dfebc0:   0000000000000022 0000000000000001
0x0000000e11dfebd0:   000000000043074c 00007ffce7aa88cf
0x0000000e11dfebe0:   0000000000000310 00007ffce781eeda
0x0000000e11dfebf0:   ffffffffffffffeb 00009c94869915d4
0x0000000e11dfec00:   0000011d79694440 0000000000000000 

Instructions: (pc=0x00007ffcb6b1bdf1)
0x00007ffcb6b1bcf1:   83 ec 28 66 0f 6e c2 0f 5b c0 f3 0f 59 41 48 0f
0x00007ffcb6b1bd01:   5a c8 f2 0f 10 05 cd 4e 03 00 f2 0f 5c 0d f5 4e
0x00007ffcb6b1bd11:   01 00 66 0f 2f c1 76 0a b8 00 00 00 80 48 83 c4
0x00007ffcb6b1bd21:   28 c3 66 0f 2f 0d 75 98 02 00 76 0a b8 ff ff ff
0x00007ffcb6b1bd31:   7f 48 83 c4 28 c3 0f 28 c1 e8 af 0e 01 00 f2 0f
0x00007ffcb6b1bd41:   2c c0 48 83 c4 28 c3 cc cc cc cc cc cc cc cc 48
0x00007ffcb6b1bd51:   83 ec 28 66 0f 6e c2 0f 5b c0 f3 0f 59 41 4c 0f
0x00007ffcb6b1bd61:   5a c8 f2 0f 10 05 6d 4e 03 00 f2 0f 5c 0d 95 4e
0x00007ffcb6b1bd71:   01 00 66 0f 2f c1 76 0a b8 00 00 00 80 48 83 c4
0x00007ffcb6b1bd81:   28 c3 66 0f 2f 0d 15 98 02 00 76 0a b8 ff ff ff
0x00007ffcb6b1bd91:   7f 48 83 c4 28 c3 0f 28 c1 e8 4f 0e 01 00 f2 0f
0x00007ffcb6b1bda1:   2c c0 48 83 c4 28 c3 cc cc cc cc cc cc cc cc 48
0x00007ffcb6b1bdb1:   8b 49 08 48 85 c9 0f 85 b3 7c fe ff 33 c0 c3 48
0x00007ffcb6b1bdc1:   89 5c 24 08 48 89 74 24 10 57 48 83 ec 20 8b fa
0x00007ffcb6b1bdd1:   48 8b f1 e8 c7 be f4 ff 48 8b d8 48 89 44 24 40
0x00007ffcb6b1bde1:   41 b8 01 00 00 00 8b d7 48 8b c8 e8 2f be f4 ff
0x00007ffcb6b1bdf1:   48 8b 48 08 48 85 c9 74 0d 48 8b d6 e8 6e 7c fe
0x00007ffcb6b1be01:   ff 48 8b f8 eb 02 33 ff 48 8b cb e8 4f c0 f4 ff
0x00007ffcb6b1be11:   90 48 8b c7 48 8b 5c 24 30 48 8b 74 24 38 48 83
0x00007ffcb6b1be21:   c4 20 5f c3 cc cc cc cc cc cc cc cc cc cc cc 48
0x00007ffcb6b1be31:   8b 01 89 10 c3 cc cc cc cc cc cc cc cc cc cc 40
0x00007ffcb6b1be41:   57 48 83 ec 40 48 83 79 38 00 48 8b f9 0f 84 96
0x00007ffcb6b1be51:   01 00 00 48 8b 0d c5 9f 06 00 ba 02 00 01 00 48
0x00007ffcb6b1be61:   89 5c 24 58 48 89 74 24 68 e8 40 d8 00 00 4c 8b
0x00007ffcb6b1be71:   05 22 a5 06 00 48 8b c8 48 8b 57 38 48 8b d8 4c
0x00007ffcb6b1be81:   8b 08 41 ff 91 f8 02 00 00 48 8b f0 48 85 c0 0f
0x00007ffcb6b1be91:   84 4a 01 00 00 4c 8b 0b 48 8b d0 4c 8b 05 e5 a4
0x00007ffcb6b1bea1:   06 00 48 8b cb 41 ff 91 00 01 00 00 84 c0 0f 84
0x00007ffcb6b1beb1:   2b 01 00 00 48 8b 7f 08 48 8b d6 48 8b 03 48 8b
0x00007ffcb6b1bec1:   cb 4c 8b 05 d7 a4 06 00 48 81 c7 00 04 00 00 48
0x00007ffcb6b1bed1:   89 6c 24 60 4c 89 64 24 38 ff 90 f8 02 00 00 4c
0x00007ffcb6b1bee1:   8b 0b 48 8b d6 4c 8b 05 bb a4 06 00 48 8b cb 4c 


Stack slot to memory mapping:

stack at sp + 0 slots: 0x00007ffcb6b79838 awt.dll
stack at sp + 1 slots: 0x00000000040111e4 is an unknown value
stack at sp + 2 slots: 0x0 is null
stack at sp + 3 slots: 0x0 is null
stack at sp + 4 slots: 0x0 is null
stack at sp + 5 slots: 0x00007ffcb6ad782c awt.dll
stack at sp + 6 slots: 0x00000000040111e4 is an unknown value
stack at sp + 7 slots: 0x0000011d6b33c410 points into unknown readable memory: 0x00007ffcb6b4c860 | 60 c8 b4 b6 fc 7f 00 00

Lock stack of current Java thread (top to bottom):

native method entry point (kind = native)  [0x0000011d0fbbcde0, 0x0000011d0fbbd938]  2904 bytes
[MachCode]
  0x0000011d0fbbcde0: 488b 4b08 | 0fb7 492e | 584c 8d74 | ccf8 6800 | 0000 0068 | 0000 0000 | 5055 488b | ec41 5568 
  0x0000011d0fbbce00: 0000 0000 | 4c8b 6b08 | 4d8d 6d38 | 5348 8b53 | 0848 8b52 | 0848 8b52 | 1848 8b52 | 7048 8b12 
  0x0000011d0fbbce20: 5248 8b53 | 1048 85d2 | 0f84 0700 | 0000 4881 | c210 0100 | 0052 488b | 5308 488b | 5208 488b 
  0x0000011d0fbbce40: 5210 5249 | 8bc6 482b | c548 c1e8 | 0350 6800 | 0000 0068 | f7ff ffff | 41c6 8771 | 0400 0001 
  0x0000011d0fbbce60: 488b 4310 | 4885 c074 | 208b 88cc | 0000 0083 | c102 8988 | cc00 0000 | 2388 e000 | 0000 0f84 
  0x0000011d0fbbce80: 000a 0000 | e9cf 0000 | 0048 8b43 | 1848 85c0 | 0f85 b000 | 0000 e805 | 0000 00e9 | 9900 0000 
  0x0000011d0fbbcea0: 488b d348 | 8d44 2408 | 4c89 6dc0 | 498b cfc5 | f877 4989 | afb0 0300 | 0049 8987 | a003 0000 
  0x0000011d0fbbcec0: 4883 ec20 | 40f6 c40f | 0f84 1900 | 0000 4883 | ec08 48b8 | 8028 05a2 | fc7f 0000 | ffd0 4883 
  0x0000011d0fbbcee0: c408 e90c | 0000 0048 | b880 2805 | a2fc 7f00 | 00ff d048 | 83c4 2049 | c787 a003 | 0000 0000 
  0x0000011d0fbbcf00: 0000 49c7 | 87b0 0300 | 0000 0000 | 0049 c787 | a803 0000 | 0000 0000 | c5f8 7749 | 837f 0800 
  0x0000011d0fbbcf20: 0f84 0500 | 0000 e995 | 3fff ff4c | 8b6d c04c | 8b75 c84e | 8d74 f500 | c348 8b43 | 1848 85c0 
  0x0000011d0fbbcf40: 0f84 1200 | 0000 8b48 | 0883 c102 | 8948 0823 | 481c 0f84 | 2c09 0000 | 493b a7e8 | 0400 000f 
  0x0000011d0fbbcf60: 8748 0000 | 0089 8424 | 00f0 ffff | 8984 2400 | e0ff ff89 | 8424 00d0 | ffff 8984 | 2400 c0ff 
  0x0000011d0fbbcf80: ff89 8424 | 00b0 ffff | 8984 2400 | a0ff ff89 | 8424 0090 | ffff 8984 | 2400 80ff | ff49 3ba7 
  0x0000011d0fbbcfa0: e004 0000 | 7607 4989 | a7e8 0400 | 0041 c687 | 7104 0000 | 0049 ba41 | bd8c a2fc | 7f00 0041 
  0x0000011d0fbbcfc0: 803a 000f | 843e 0000 | 0048 8b55 | e849 8bcf | 4883 ec20 | 40f6 c40f | 0f84 1900 | 0000 4883 
  0x0000011d0fbbcfe0: ec08 48b8 | f0f0 3ca2 | fc7f 0000 | ffd0 4883 | c408 e90c | 0000 0048 | b8f0 f03c | a2fc 7f00 
  0x0000011d0fbbd000: 00ff d048 | 83c4 2048 | 8b5d e84c | 8b5b 0845 | 0fb7 5b2e | 41c1 e303 | 492b e348 | 83ec 2048 
  0x0000011d0fbbd020: 83e4 f04c | 8b5b 604d | 85db 0f85 | ab00 0000 | e805 0000 | 00e9 9900 | 0000 488b | d348 8d44 
  0x0000011d0fbbd040: 2408 4c89 | 6dc0 498b | cfc5 f877 | 4989 afb0 | 0300 0049 | 8987 a003 | 0000 4883 | ec20 40f6 
  0x0000011d0fbbd060: c40f 0f84 | 1900 0000 | 4883 ec08 | 48b8 e04f | 05a2 fc7f | 0000 ffd0 | 4883 c408 | e90c 0000 
  0x0000011d0fbbd080: 0048 b8e0 | 4f05 a2fc | 7f00 00ff | d048 83c4 | 2049 c787 | a003 0000 | 0000 0000 | 49c7 87b0 
  0x0000011d0fbbd0a0: 0300 0000 | 0000 0049 | c787 a803 | 0000 0000 | 0000 c5f8 | 7749 837f | 0800 0f84 | 0500 0000 
  0x0000011d0fbbd0c0: e9fb 3dff | ff4c 8b6d | c04c 8b75 | c84e 8d74 | f500 c348 | 8b5d e84c | 8b5b 6041 | ffd3 488b 
  0x0000011d0fbbd0e0: 5de8 4889 | 4518 448b | 5b28 41f6 | c308 0f84 | 1b00 0000 | 4c8b 5b08 | 4d8b 5b08 | 4d8b 5b18 
  0x0000011d0fbbd100: 4d8b 5b70 | 4d8b 1b4c | 895d 1048 | 8d55 1048 | 8b43 5849 | ba40 3f3d | a2fc 7f00 | 0049 3bc2 
  0x0000011d0fbbd120: 0f85 ab00 | 0000 e805 | 0000 00e9 | 9900 0000 | 488b d348 | 8d44 2408 | 4c89 6dc0 | 498b cfc5 
  0x0000011d0fbbd140: f877 4989 | afb0 0300 | 0049 8987 | a003 0000 | 4883 ec20 | 40f6 c40f | 0f84 1900 | 0000 4883 
  0x0000011d0fbbd160: ec08 48b8 | e04f 05a2 | fc7f 0000 | ffd0 4883 | c408 e90c | 0000 0048 | b8e0 4f05 | a2fc 7f00 
  0x0000011d0fbbd180: 00ff d048 | 83c4 2049 | c787 a003 | 0000 0000 | 0000 49c7 | 87b0 0300 | 0000 0000 | 0049 c787 
  0x0000011d0fbbd1a0: a803 0000 | 0000 0000 | c5f8 7749 | 837f 0800 | 0f84 0500 | 0000 e905 | 3dff ff4c | 8b6d c04c 
  0x0000011d0fbbd1c0: 8b75 c84e | 8d74 f500 | c348 8b5d | e848 8b43 | 5849 8d8f | c003 0000 | c5f8 7749 | 89af b003 
  0x0000011d0fbbd1e0: 0000 49ba | d8d1 bb0f | 1d01 0000 | 4d89 97a8 | 0300 0049 | 89a7 a003 | 0000 41c7 | 8744 0400 
  0x0000011d0fbbd200: 0004 0000 | 00ff d0c5 | f877 4883 | ec10 c5fb | 1104 2448 | 83ec 1048 | 8904 2448 | c744 2408 
  0x0000011d0fbbd220: 0000 0000 | 41c7 8744 | 0400 0005 | 0000 00f0 | 8344 24c0 | 0049 3baf | 4804 0000 | 0f87 0e00 
  0x0000011d0fbbd240: 0000 4183 | bf40 0400 | 0000 0f84 | 2000 0000 | 498b cf4c | 8be4 4883 | ec20 4883 | e4f0 48b8 
  0x0000011d0fbbd260: 80ab 06a2 | fc7f 0000 | ffd0 498b | e44d 33e4 | 41c7 8744 | 0400 0008 | 0000 0049 | c787 a003 
  0x0000011d0fbbd280: 0000 0000 | 0000 49c7 | 87b0 0300 | 0000 0000 | 0049 c787 | a803 0000 | 0000 0000 | c5f8 774d 
  0x0000011d0fbbd2a0: 8b9f 3004 | 0000 41c7 | 8300 0100 | 0000 0000 | 0049 bbda | a5bb 0f1d | 0100 004c | 3b5d 180f 
  0x0000011d0fbbd2c0: 8524 0200 | 0048 8b04 | 2448 83c4 | 1048 85c0 | 0f84 fe01 | 0000 a803 | 0f85 0800 | 0000 488b 
  0x0000011d0fbbd2e0: 00e9 ee01 | 0000 a801 | 0f85 0900 | 0000 488b | 40fe e9dd | 0100 0048 | 8b40 ff41 | 807f 3800 
  0x0000011d0fbbd300: 0f84 ce01 | 0000 4883 | f800 0f84 | c401 0000 | 4d8b 5f28 | 4983 fb00 | 0f84 1400 | 0000 4983 
  0x0000011d0fbbd320: eb08 4d89 | 5f28 4d03 | 5f30 4989 | 03e9 a201 | 0000 4881 | ecd0 0000 | 0048 8904 | 2448 894c 
  0x0000011d0fbbd340: 2408 4889 | 5424 1048 | 8974 2418 | 4889 7c24 | 204c 8944 | 2428 4c89 | 4c24 304c | 8954 2438 
  0x0000011d0fbbd360: 4c89 5c24 | 40c5 fb11 | 4424 50c5 | fb11 4c24 | 58c5 fb11 | 5424 60c5 | fb11 5c24 | 68c5 fb11 
  0x0000011d0fbbd380: 6424 70c5 | fb11 6c24 | 78c5 fb11 | b424 8000 | 0000 c5fb | 11bc 2488 | 0000 00c5 | 7b11 8424 
  0x0000011d0fbbd3a0: 9000 0000 | c57b 118c | 2498 0000 | 00c5 7b11 | 9424 a000 | 0000 c57b | 119c 24a8 | 0000 00c5 
  0x0000011d0fbbd3c0: 7b11 a424 | b000 0000 | c57b 11ac | 24b8 0000 | 00c5 7b11 | b424 c000 | 0000 c57b | 11bc 24c8 
  0x0000011d0fbbd3e0: 0000 0049 | 8bd7 488b | c848 83ec | 2040 f6c4 | 0f0f 8419 | 0000 0048 | 83ec 0848 | b800 09fa 
  0x0000011d0fbbd400: a1fc 7f00 | 00ff d048 | 83c4 08e9 | 0c00 0000 | 48b8 0009 | faa1 fc7f | 0000 ffd0 | 4883 c420 
  0x0000011d0fbbd420: c57b 10bc | 24c8 0000 | 00c5 7b10 | b424 c000 | 0000 c57b | 10ac 24b8 | 0000 00c5 | 7b10 a424 
  0x0000011d0fbbd440: b000 0000 | c57b 109c | 24a8 0000 | 00c5 7b10 | 9424 a000 | 0000 c57b | 108c 2498 | 0000 00c5 
  0x0000011d0fbbd460: 7b10 8424 | 9000 0000 | c5fb 10bc | 2488 0000 | 00c5 fb10 | b424 8000 | 0000 c5fb | 106c 2478 
  0x0000011d0fbbd480: c5fb 1064 | 2470 c5fb | 105c 2468 | c5fb 1054 | 2460 c5fb | 104c 2458 | c5fb 1044 | 2450 4c8b 
  0x0000011d0fbbd4a0: 5c24 404c | 8b54 2438 | 4c8b 4c24 | 304c 8b44 | 2428 488b | 7c24 2048 | 8b74 2418 | 488b 5424 
  0x0000011d0fbbd4c0: 1048 8b4c | 2408 488b | 0424 4881 | c4d0 0000 | 00c5 f877 | 4889 4510 | 4883 ec10 | 4889 0424 
  0x0000011d0fbbd4e0: 48c7 4424 | 0800 0000 | 0041 83bf | c804 0000 | 020f 85bf | 0000 0048 | 81ec 8000 | 0000 4889 
  0x0000011d0fbbd500: 4424 7848 | 894c 2470 | 4889 5424 | 6848 895c | 2460 4889 | 6c24 5048 | 8974 2448 | 4889 7c24 
  0x0000011d0fbbd520: 404c 8944 | 2438 4c89 | 4c24 304c | 8954 2428 | 4c89 5c24 | 204c 8964 | 2418 4c89 | 6c24 104c 
  0x0000011d0fbbd540: 8974 2408 | 4c89 3c24 | 4c8b e448 | 83ec 2048 | 83e4 f048 | b8a0 253d | a2fc 7f00 | 00ff d049 
  0x0000011d0fbbd560: 8be4 4c8b | 3c24 4c8b | 7424 084c | 8b6c 2410 | 4c8b 6424 | 184c 8b5c | 2420 4c8b | 5424 284c 
  0x0000011d0fbbd580: 8b4c 2430 | 4c8b 4424 | 3848 8b7c | 2440 488b | 7424 4848 | 8b6c 2450 | 488b 5c24 | 6048 8b54 
  0x0000011d0fbbd5a0: 2468 488b | 4c24 7048 | 8b44 2478 | 4881 c480 | 0000 004d | 33e4 488b | 5de8 4c8b | 6b08 4d8d 
  0x0000011d0fbbd5c0: 6d38 4983 | 7f08 000f | 84bb 0000 | 00e8 0500 | 0000 e996 | 0000 0048 | 8d44 2408 | 4c89 6dc0 
  0x0000011d0fbbd5e0: 498b cfc5 | f877 4989 | afb0 0300 | 0049 8987 | a003 0000 | 4883 ec20 | 40f6 c40f | 0f84 1900 
  0x0000011d0fbbd600: 0000 4883 | ec08 48b8 | f06d 05a2 | fc7f 0000 | ffd0 4883 | c408 e90c | 0000 0048 | b8f0 6d05 
  0x0000011d0fbbd620: a2fc 7f00 | 00ff d048 | 83c4 2049 | c787 a003 | 0000 0000 | 0000 49c7 | 87b0 0300 | 0000 0000 
  0x0000011d0fbbd640: 0049 c787 | a803 0000 | 0000 0000 | c5f8 7749 | 837f 0800 | 0f84 0500 | 0000 e961 | 38ff ff4c 
  0x0000011d0fbbd660: 8b6d c04c | 8b75 c84e | 8d74 f500 | c348 b940 | e564 a2fc | 7f00 0048 | 83e4 f048 | b850 4d2b 
  0x0000011d0fbbd680: a2fc 7f00 | 00ff d0f4 | 448b 5b28 | 41f6 c320 | 0f84 7901 | 0000 488d | 55a8 4c8b | 5a08 4d85 
  0x0000011d0fbbd6a0: db0f 85bb | 0000 00e8 | 0500 0000 | e996 0000 | 0048 8d44 | 2408 4c89 | 6dc0 498b | cfc5 f877 
  0x0000011d0fbbd6c0: 4989 afb0 | 0300 0049 | 8987 a003 | 0000 4883 | ec20 40f6 | c40f 0f84 | 1900 0000 | 4883 ec08 
  0x0000011d0fbbd6e0: 48b8 206d | 05a2 fc7f | 0000 ffd0 | 4883 c408 | e90c 0000 | 0048 b820 | 6d05 a2fc | 7f00 00ff 
  0x0000011d0fbbd700: d048 83c4 | 2049 c787 | a003 0000 | 0000 0000 | 49c7 87b0 | 0300 0000 | 0000 0049 | c787 a803 
  0x0000011d0fbbd720: 0000 0000 | 0000 c5f8 | 7749 837f | 0800 0f84 | 0500 0000 | e987 37ff | ff4c 8b6d | c04c 8b75 
  0x0000011d0fbbd740: c84e 8d74 | f500 c348 | b940 e564 | a2fc 7f00 | 0048 83e4 | f048 b850 | 4d2b a2fc | 7f00 00ff 
  0x0000011d0fbbd760: d0f4 4c89 | 6dc0 4c8b | 4a08 48c7 | 4208 0000 | 0000 458b | 8718 0600 | 004f 3b4c | 07f8 0f85 
  0x0000011d0fbbd780: 4900 0000 | 4183 af18 | 0600 0008 | 4f3b 4c07 | f00f 842a | 0000 0049 | 8b01 a802 | 0f85 1200 
  0x0000011d0fbbd7a0: 0000 4c8b | c049 83c8 | 01f0 4d0f | b101 0f84 | 0d00 0000 | 4183 8718 | 0600 0008 | e90c 0000 
  0x0000011d0fbbd7c0: 0049 ff8f | 5005 0000 | e93e 0000 | 004c 894a | 0848 8bca | 4883 ec20 | 40f6 c40f | 0f84 1900 
  0x0000011d0fbbd7e0: 0000 4883 | ec08 48b8 | e03f 05a2 | fc7f 0000 | ffd0 4883 | c408 e90c | 0000 0048 | b8e0 3f05 
  0x0000011d0fbbd800: a2fc 7f00 | 00ff d048 | 83c4 204c | 8b6d c049 | ba41 bd8c | a2fc 7f00 | 0041 803a | 000f 843e 
  0x0000011d0fbbd820: 0000 0048 | 8b55 e849 | 8bcf 4883 | ec20 40f6 | c40f 0f84 | 1900 0000 | 4883 ec08 | 48b8 f0f0 
  0x0000011d0fbbd840: 3ca2 fc7f | 0000 ffd0 | 4883 c408 | e90c 0000 | 0048 b8f0 | f03c a2fc | 7f00 00ff | d048 83c4 
  0x0000011d0fbbd860: 2048 8b04 | 2448 83c4 | 10c5 fb10 | 0424 4883 | c410 4c8b | 5d18 41ff | d34c 8b5d | f8c9 5f49 
  0x0000011d0fbbd880: 8be3 ffe7 | ba00 0000 | 00e8 0500 | 0000 e996 | 0000 0048 | 8d44 2408 | 4c89 6dc0 | 498b cfc5 
  0x0000011d0fbbd8a0: f877 4989 | afb0 0300 | 0049 8987 | a003 0000 | 4883 ec20 | 40f6 c40f | 0f84 1900 | 0000 4883 
  0x0000011d0fbbd8c0: ec08 48b8 | 9033 05a2 | fc7f 0000 | ffd0 4883 | c408 e90c | 0000 0048 | b890 3305 | a2fc 7f00 
  0x0000011d0fbbd8e0: 00ff d048 | 83c4 2049 | c787 a003 | 0000 0000 | 0000 49c7 | 87b0 0300 | 0000 0000 | 0049 c787 
  0x0000011d0fbbd900: a803 0000 | 0000 0000 | c5f8 7749 | 837f 0800 | 0f84 0500 | 0000 e9a5 | 35ff ff4c | 8b6d c04c 
  0x0000011d0fbbd920: 8b75 c84e | 8d74 f500 | c348 8b5d | e8e9 26f6 | ffff 660f | 1f44 0000 
[/MachCode]

---------------  P R O C E S S  ---------------

Threads class SMR info:
_java_thread_list=0x0000011d6d60f300, length=18, elements={
0x0000011d7ed99880, 0x0000011d7ed9a2e0, 0x0000011d7ed9e690, 0x0000011d7ed9f700,
0x0000011d7eda0e00, 0x0000011d7edaa920, 0x0000011d1b3e3a70, 0x0000011d1b3e60a0,
0x0000011d1b523c50, 0x0000011d1b534cc0, 0x0000011d611c2ab0, 0x0000011d611ca5d0,
0x0000011d611cac40, 0x0000011d6124ba10, 0x0000011d7901ca60, 0x0000011d6b577ec0,
0x0000011d6c217df0, 0x0000011d6b0754e0
}

Java Threads: ( => current thread )
  0x0000011d7ed99880 JavaThread "Reference Handler"          daemon [_thread_blocked, id=30520, stack(0x0000000e11000000,0x0000000e11100000) (1024K)]
  0x0000011d7ed9a2e0 JavaThread "Finalizer"                  daemon [_thread_blocked, id=19304, stack(0x0000000e11100000,0x0000000e11200000) (1024K)]
  0x0000011d7ed9e690 JavaThread "Signal Dispatcher"          daemon [_thread_blocked, id=30048, stack(0x0000000e11200000,0x0000000e11300000) (1024K)]
  0x0000011d7ed9f700 JavaThread "Attach Listener"            daemon [_thread_blocked, id=11032, stack(0x0000000e11300000,0x0000000e11400000) (1024K)]
  0x0000011d7eda0e00 JavaThread "Service Thread"             daemon [_thread_blocked, id=22936, stack(0x0000000e11400000,0x0000000e11500000) (1024K)]
  0x0000011d7edaa920 JavaThread "Monitor Deflation Thread"   daemon [_thread_blocked, id=14196, stack(0x0000000e11500000,0x0000000e11600000) (1024K)]
  0x0000011d1b3e3a70 JavaThread "C2 CompilerThread0"         daemon [_thread_blocked, id=24004, stack(0x0000000e11600000,0x0000000e11700000) (1024K)]
  0x0000011d1b3e60a0 JavaThread "C1 CompilerThread0"         daemon [_thread_blocked, id=12796, stack(0x0000000e11700000,0x0000000e11800000) (1024K)]
  0x0000011d1b523c50 JavaThread "Notification Thread"        daemon [_thread_blocked, id=29204, stack(0x0000000e11800000,0x0000000e11900000) (1024K)]
  0x0000011d1b534cc0 JavaThread "Common-Cleaner"             daemon [_thread_blocked, id=6308, stack(0x0000000e11900000,0x0000000e11a00000) (1024K)]
  0x0000011d611c2ab0 JavaThread "Java2D Disposer"            daemon [_thread_blocked, id=24804, stack(0x0000000e11b00000,0x0000000e11c00000) (1024K)]
  0x0000011d611ca5d0 JavaThread "AWT-Shutdown"                      [_thread_blocked, id=11840, stack(0x0000000e11c00000,0x0000000e11d00000) (1024K)]
=>0x0000011d611cac40 JavaThread "AWT-Windows"                daemon [_thread_in_native, id=8180, stack(0x0000000e11d00000,0x0000000e11e00000) (1024K)]
  0x0000011d6124ba10 JavaThread "AWT-EventQueue-0"                  [_thread_in_native, id=1616, stack(0x0000000e11e00000,0x0000000e11f00000) (1024K)]
  0x0000011d7901ca60 JavaThread "DestroyJavaVM"                     [_thread_blocked, id=21536, stack(0x0000000e10800000,0x0000000e10900000) (1024K)]
  0x0000011d6b577ec0 JavaThread "mysql-cj-abandoned-connection-cleanup" daemon [_thread_blocked, id=26668, stack(0x0000000e13500000,0x0000000e13600000) (1024K)]
  0x0000011d6c217df0 JavaThread "TimerQueue"                 daemon [_thread_blocked, id=21696, stack(0x0000000e13600000,0x0000000e13700000) (1024K)]
  0x0000011d6b0754e0 JavaThread "D3D Screen Updater"         daemon [_thread_blocked, id=21488, stack(0x0000000e13800000,0x0000000e13900000) (1024K)]
Total: 18

Other Threads:
  0x0000011d7ed80300 VMThread "VM Thread"                           [id=28768, stack(0x0000000e10f00000,0x0000000e11000000) (1024K)]
  0x0000011d7ed69ef0 WatcherThread "VM Periodic Task Thread"        [id=26372, stack(0x0000000e10e00000,0x0000000e10f00000) (1024K)]
  0x0000011d7b48c160 WorkerThread "GC Thread#0"                     [id=1968, stack(0x0000000e10900000,0x0000000e10a00000) (1024K)]
  0x0000011d6afb8c40 WorkerThread "GC Thread#1"                     [id=9704, stack(0x0000000e12c00000,0x0000000e12d00000) (1024K)]
  0x0000011d6afb9eb0 WorkerThread "GC Thread#2"                     [id=28024, stack(0x0000000e12d00000,0x0000000e12e00000) (1024K)]
  0x0000011d6afb9b00 WorkerThread "GC Thread#3"                     [id=25228, stack(0x0000000e12e00000,0x0000000e12f00000) (1024K)]
  0x0000011d6afb84e0 WorkerThread "GC Thread#4"                     [id=13884, stack(0x0000000e12f00000,0x0000000e13000000) (1024K)]
  0x0000011d6afb8890 WorkerThread "GC Thread#5"                     [id=11524, stack(0x0000000e13000000,0x0000000e13100000) (1024K)]
  0x0000011d6afb9750 WorkerThread "GC Thread#6"                     [id=11952, stack(0x0000000e13100000,0x0000000e13200000) (1024K)]
  0x0000011d6afb8ff0 WorkerThread "GC Thread#7"                     [id=12120, stack(0x0000000e13200000,0x0000000e13300000) (1024K)]
  0x0000011d6afb93a0 WorkerThread "GC Thread#8"                     [id=19608, stack(0x0000000e13300000,0x0000000e13400000) (1024K)]
  0x0000011d6b537750 WorkerThread "GC Thread#9"                     [id=25884, stack(0x0000000e13400000,0x0000000e13500000) (1024K)]
  0x0000011d7b4a2370 ConcurrentGCThread "G1 Main Marker"            [id=21032, stack(0x0000000e10a00000,0x0000000e10b00000) (1024K)]
  0x0000011d7b4a2e80 WorkerThread "G1 Conc#0"                       [id=16408, stack(0x0000000e10b00000,0x0000000e10c00000) (1024K)]
  0x0000011d6b538610 WorkerThread "G1 Conc#1"                       [id=25028, stack(0x0000000e13d00000,0x0000000e13e00000) (1024K)]
  0x0000011d6b30b090 WorkerThread "G1 Conc#2"                       [id=13412, stack(0x0000000e13e00000,0x0000000e13f00000) (1024K)]
  0x0000011d7b4de590 ConcurrentGCThread "G1 Refine#0"               [id=23276, stack(0x0000000e10c00000,0x0000000e10d00000) (1024K)]
  0x0000011d7ec3c080 ConcurrentGCThread "G1 Service"                [id=3572, stack(0x0000000e10d00000,0x0000000e10e00000) (1024K)]
Total: 18

Threads with active compile tasks:
Total: 0

VM state: not at safepoint (normal execution)

VM Mutex/Monitor currently owned by a thread: None

Heap address: 0x000000070ac00000, size: 3924 MB, Compressed Oops mode: Zero based, Oop shift amount: 3

CDS archive(s) mapped at: [0x0000011d1c000000-0x0000011d1cd70000-0x0000011d1cd70000), size 14090240, SharedBaseAddress: 0x0000011d1c000000, ArchiveRelocationMode: 1.
Compressed class space mapped at: 0x0000011d1d000000-0x0000011d5d000000, reserved size: 1073741824
Narrow klass base: 0x0000011d1c000000, Narrow klass shift: 0, Narrow klass range: 0x41000000

GC Precious Log:
 CardTable entry size: 512
 Card Set container configuration: InlinePtr #cards 4 size 8 Array Of Cards #cards 16 size 48 Howl #buckets 8 coarsen threshold 3686 Howl Bitmap #cards 512 size 80 coarsen threshold 460 Card regions per heap region 1 cards per card region 4096
 CPUs: 12 total, 12 available
 Memory: 15690M
 Large Page Support: Disabled
 NUMA Support: Disabled
 Compressed Oops: Enabled (Zero based)
 Heap Region Size: 2M
 Heap Min Capacity: 8M
 Heap Initial Capacity: 246M
 Heap Max Capacity: 3924M
 Pre-touch: Disabled
 Parallel Workers: 10
 Concurrent Workers: 3
 Concurrent Refinement Workers: 10
 Periodic GC: Disabled

Heap:
 garbage-first heap   total reserved 4018176K, committed 151552K, used 55435K [0x000000070ac00000, 0x0000000800000000)
  region size 2048K, 7 young (14336K), 1 survivors (2048K)
 Metaspace       used 26025K, committed 26432K, reserved 1114112K
  class space    used 2777K, committed 2944K, reserved 1048576K

Heap Regions: E=young(eden), S=young(survivor), O=old, HS=humongous(starts), HC=humongous(continues), CS=collection set, F=free, TAMS=top-at-mark-start, PB=parsable bottom
|   0|0x000000070ac00000, 0x000000070ae00000, 0x000000070ae00000|100%|HS|  |TAMS 0x000000070ac00000| PB 0x000000070ac00000| Complete |  0
|   1|0x000000070ae00000, 0x000000070b000000, 0x000000070b000000|100%| O|  |TAMS 0x000000070ae00000| PB 0x000000070ae00000| Untracked |  0
|   2|0x000000070b000000, 0x000000070b200000, 0x000000070b200000|100%|HS|  |TAMS 0x000000070b000000| PB 0x000000070b000000| Complete |  0
|   3|0x000000070b200000, 0x000000070b400000, 0x000000070b400000|100%|HC|  |TAMS 0x000000070b200000| PB 0x000000070b200000| Complete |  0
|   4|0x000000070b400000, 0x000000070b600000, 0x000000070b600000|100%|HS|  |TAMS 0x000000070b400000| PB 0x000000070b400000| Complete |  0
|   5|0x000000070b600000, 0x000000070b800000, 0x000000070b800000|100%|HS|  |TAMS 0x000000070b600000| PB 0x000000070b600000| Complete |  0
|   6|0x000000070b800000, 0x000000070ba00000, 0x000000070ba00000|100%|HS|  |TAMS 0x000000070b800000| PB 0x000000070b800000| Complete |  0
|   7|0x000000070ba00000, 0x000000070bc00000, 0x000000070bc00000|100%|HS|  |TAMS 0x000000070ba00000| PB 0x000000070ba00000| Complete |  0
|   8|0x000000070bc00000, 0x000000070be00000, 0x000000070be00000|100%|HS|  |TAMS 0x000000070bc00000| PB 0x000000070bc00000| Complete |  0
|   9|0x000000070be00000, 0x000000070c000000, 0x000000070c000000|100%| O|  |TAMS 0x000000070be00000| PB 0x000000070be00000| Untracked |  0
|  10|0x000000070c000000, 0x000000070c200000, 0x000000070c200000|100%| O|  |TAMS 0x000000070c000000| PB 0x000000070c000000| Untracked |  0
|  11|0x000000070c200000, 0x000000070c400000, 0x000000070c400000|100%| O|  |TAMS 0x000000070c200000| PB 0x000000070c200000| Untracked |  0
|  12|0x000000070c400000, 0x000000070c600000, 0x000000070c600000|100%|HS|  |TAMS 0x000000070c400000| PB 0x000000070c400000| Complete |  0
|  13|0x000000070c600000, 0x000000070c800000, 0x000000070c800000|100%|HS|  |TAMS 0x000000070c600000| PB 0x000000070c600000| Complete |  0
|  14|0x000000070c800000, 0x000000070ca00000, 0x000000070ca00000|100%|HS|  |TAMS 0x000000070c800000| PB 0x000000070c800000| Complete |  0
|  15|0x000000070ca00000, 0x000000070cc00000, 0x000000070cc00000|100%|HS|  |TAMS 0x000000070ca00000| PB 0x000000070ca00000| Complete |  0
|  16|0x000000070cc00000, 0x000000070ce00000, 0x000000070ce00000|100%|HS|  |TAMS 0x000000070cc00000| PB 0x000000070cc00000| Complete |  0
|  17|0x000000070ce00000, 0x000000070d000000, 0x000000070d000000|100%| O|  |TAMS 0x000000070ce00000| PB 0x000000070ce00000| Untracked |  0
|  18|0x000000070d000000, 0x000000070d0051a8, 0x000000070d200000|  0%| O|  |TAMS 0x000000070d000000| PB 0x000000070d000000| Untracked |  0
|  19|0x000000070d200000, 0x000000070d400000, 0x000000070d400000|100%| O|  |TAMS 0x000000070d200000| PB 0x000000070d200000| Untracked |  0
|  20|0x000000070d400000, 0x000000070d600000, 0x000000070d600000|100%| O|  |TAMS 0x000000070d400000| PB 0x000000070d400000| Untracked |  0
|  21|0x000000070d600000, 0x000000070d800000, 0x000000070d800000|100%| O|  |TAMS 0x000000070d600000| PB 0x000000070d600000| Untracked |  0
|  22|0x000000070d800000, 0x000000070d8cf1d0, 0x000000070da00000| 40%| O|  |TAMS 0x000000070d800000| PB 0x000000070d800000| Untracked |  0
|  23|0x000000070da00000, 0x000000070da00000, 0x000000070dc00000|  0%| F|  |TAMS 0x000000070da00000| PB 0x000000070da00000| Untracked |  0
|  24|0x000000070dc00000, 0x000000070dc00000, 0x000000070de00000|  0%| F|  |TAMS 0x000000070dc00000| PB 0x000000070dc00000| Untracked |  0
|  25|0x000000070de00000, 0x000000070de00000, 0x000000070e000000|  0%| F|  |TAMS 0x000000070de00000| PB 0x000000070de00000| Untracked |  0
|  26|0x000000070e000000, 0x000000070e000000, 0x000000070e200000|  0%| F|  |TAMS 0x000000070e000000| PB 0x000000070e000000| Untracked |  0
|  27|0x000000070e200000, 0x000000070e200000, 0x000000070e400000|  0%| F|  |TAMS 0x000000070e200000| PB 0x000000070e200000| Untracked |  0
|  28|0x000000070e400000, 0x000000070e400000, 0x000000070e600000|  0%| F|  |TAMS 0x000000070e400000| PB 0x000000070e400000| Untracked |  0
|  29|0x000000070e600000, 0x000000070e74e9b0, 0x000000070e800000| 65%| S|CS|TAMS 0x000000070e600000| PB 0x000000070e600000| Complete |  0
|  30|0x000000070e800000, 0x000000070e800000, 0x000000070ea00000|  0%| F|  |TAMS 0x000000070e800000| PB 0x000000070e800000| Untracked |  0
|  31|0x000000070ea00000, 0x000000070ea00000, 0x000000070ec00000|  0%| F|  |TAMS 0x000000070ea00000| PB 0x000000070ea00000| Untracked |  0
|  32|0x000000070ec00000, 0x000000070ec00000, 0x000000070ee00000|  0%| F|  |TAMS 0x000000070ec00000| PB 0x000000070ec00000| Untracked |  0
|  33|0x000000070ee00000, 0x000000070ee00000, 0x000000070f000000|  0%| F|  |TAMS 0x000000070ee00000| PB 0x000000070ee00000| Untracked |  0
|  34|0x000000070f000000, 0x000000070f000000, 0x000000070f200000|  0%| F|  |TAMS 0x000000070f000000| PB 0x000000070f000000| Untracked |  0
|  35|0x000000070f200000, 0x000000070f200000, 0x000000070f400000|  0%| F|  |TAMS 0x000000070f200000| PB 0x000000070f200000| Untracked |  0
|  36|0x000000070f400000, 0x000000070f400000, 0x000000070f600000|  0%| F|  |TAMS 0x000000070f400000| PB 0x000000070f400000| Untracked |  0
|  37|0x000000070f600000, 0x000000070f600000, 0x000000070f800000|  0%| F|  |TAMS 0x000000070f600000| PB 0x000000070f600000| Untracked |  0
|  38|0x000000070f800000, 0x000000070f800000, 0x000000070fa00000|  0%| F|  |TAMS 0x000000070f800000| PB 0x000000070f800000| Untracked |  0
|  39|0x000000070fa00000, 0x000000070fa00000, 0x000000070fc00000|  0%| F|  |TAMS 0x000000070fa00000| PB 0x000000070fa00000| Untracked |  0
|  40|0x000000070fc00000, 0x000000070fc00000, 0x000000070fe00000|  0%| F|  |TAMS 0x000000070fc00000| PB 0x000000070fc00000| Untracked |  0
|  41|0x000000070fe00000, 0x000000070fe00000, 0x0000000710000000|  0%| F|  |TAMS 0x000000070fe00000| PB 0x000000070fe00000| Untracked |  0
|  42|0x0000000710000000, 0x0000000710000000, 0x0000000710200000|  0%| F|  |TAMS 0x0000000710000000| PB 0x0000000710000000| Untracked |  0
|  43|0x0000000710200000, 0x0000000710200000, 0x0000000710400000|  0%| F|  |TAMS 0x0000000710200000| PB 0x0000000710200000| Untracked |  0
|  44|0x0000000710400000, 0x0000000710400000, 0x0000000710600000|  0%| F|  |TAMS 0x0000000710400000| PB 0x0000000710400000| Untracked |  0
|  45|0x0000000710600000, 0x0000000710600000, 0x0000000710800000|  0%| F|  |TAMS 0x0000000710600000| PB 0x0000000710600000| Untracked |  0
|  46|0x0000000710800000, 0x0000000710800000, 0x0000000710a00000|  0%| F|  |TAMS 0x0000000710800000| PB 0x0000000710800000| Untracked |  0
|  47|0x0000000710a00000, 0x0000000710a00000, 0x0000000710c00000|  0%| F|  |TAMS 0x0000000710a00000| PB 0x0000000710a00000| Untracked |  0
|  48|0x0000000710c00000, 0x0000000710c00000, 0x0000000710e00000|  0%| F|  |TAMS 0x0000000710c00000| PB 0x0000000710c00000| Untracked |  0
|  49|0x0000000710e00000, 0x0000000710e00000, 0x0000000711000000|  0%| F|  |TAMS 0x0000000710e00000| PB 0x0000000710e00000| Untracked |  0
|  50|0x0000000711000000, 0x0000000711000000, 0x0000000711200000|  0%| F|  |TAMS 0x0000000711000000| PB 0x0000000711000000| Untracked |  0
|  51|0x0000000711200000, 0x0000000711200000, 0x0000000711400000|  0%| F|  |TAMS 0x0000000711200000| PB 0x0000000711200000| Untracked |  0
|  52|0x0000000711400000, 0x0000000711400000, 0x0000000711600000|  0%| F|  |TAMS 0x0000000711400000| PB 0x0000000711400000| Untracked |  0
|  53|0x0000000711600000, 0x0000000711600000, 0x0000000711800000|  0%| F|  |TAMS 0x0000000711600000| PB 0x0000000711600000| Untracked |  0
|  54|0x0000000711800000, 0x0000000711800000, 0x0000000711a00000|  0%| F|  |TAMS 0x0000000711800000| PB 0x0000000711800000| Untracked |  0
|  55|0x0000000711a00000, 0x0000000711a00000, 0x0000000711c00000|  0%| F|  |TAMS 0x0000000711a00000| PB 0x0000000711a00000| Untracked |  0
|  56|0x0000000711c00000, 0x0000000711c00000, 0x0000000711e00000|  0%| F|  |TAMS 0x0000000711c00000| PB 0x0000000711c00000| Untracked |  0
|  57|0x0000000711e00000, 0x0000000711e00000, 0x0000000712000000|  0%| F|  |TAMS 0x0000000711e00000| PB 0x0000000711e00000| Untracked |  0
|  58|0x0000000712000000, 0x0000000712000000, 0x0000000712200000|  0%| F|  |TAMS 0x0000000712000000| PB 0x0000000712000000| Untracked |  0
|  59|0x0000000712200000, 0x0000000712200000, 0x0000000712400000|  0%| F|  |TAMS 0x0000000712200000| PB 0x0000000712200000| Untracked |  0
|  60|0x0000000712400000, 0x0000000712400000, 0x0000000712600000|  0%| F|  |TAMS 0x0000000712400000| PB 0x0000000712400000| Untracked |  0
|  61|0x0000000712600000, 0x0000000712600000, 0x0000000712800000|  0%| F|  |TAMS 0x0000000712600000| PB 0x0000000712600000| Untracked |  0
|  62|0x0000000712800000, 0x0000000712800000, 0x0000000712a00000|  0%| F|  |TAMS 0x0000000712800000| PB 0x0000000712800000| Untracked |  0
|  63|0x0000000712a00000, 0x0000000712a00000, 0x0000000712c00000|  0%| F|  |TAMS 0x0000000712a00000| PB 0x0000000712a00000| Untracked |  0
|  64|0x0000000712c00000, 0x0000000712c00000, 0x0000000712e00000|  0%| F|  |TAMS 0x0000000712c00000| PB 0x0000000712c00000| Untracked |  0
|  65|0x0000000712e00000, 0x0000000712e00000, 0x0000000713000000|  0%| F|  |TAMS 0x0000000712e00000| PB 0x0000000712e00000| Untracked |  0
|  66|0x0000000713000000, 0x0000000713000000, 0x0000000713200000|  0%| F|  |TAMS 0x0000000713000000| PB 0x0000000713000000| Untracked |  0
|  67|0x0000000713200000, 0x0000000713200000, 0x0000000713400000|  0%| F|  |TAMS 0x0000000713200000| PB 0x0000000713200000| Untracked |  0
|  68|0x0000000713400000, 0x00000007135126c0, 0x0000000713600000| 53%| E|  |TAMS 0x0000000713400000| PB 0x0000000713400000| Complete |  0
|  69|0x0000000713600000, 0x0000000713800000, 0x0000000713800000|100%| E|CS|TAMS 0x0000000713600000| PB 0x0000000713600000| Complete |  0
|  70|0x0000000713800000, 0x0000000713a00000, 0x0000000713a00000|100%| E|CS|TAMS 0x0000000713800000| PB 0x0000000713800000| Complete |  0
|  71|0x0000000713a00000, 0x0000000713c00000, 0x0000000713c00000|100%| E|CS|TAMS 0x0000000713a00000| PB 0x0000000713a00000| Complete |  0
|  72|0x0000000713c00000, 0x0000000713e00000, 0x0000000713e00000|100%| E|CS|TAMS 0x0000000713c00000| PB 0x0000000713c00000| Complete |  0
| 122|0x000000071a000000, 0x000000071a200000, 0x000000071a200000|100%| E|CS|TAMS 0x000000071a000000| PB 0x000000071a000000| Complete |  0

Card table byte_map: [0x0000011d7c1e0000,0x0000011d7c990000] _byte_map_base: 0x0000011d7898a000

Marking Bits: (CMBitMap*) 0x0000011d7b48d880
 Bits: [0x0000011d17680000, 0x0000011d1b3d0000)

Polling page: 0x0000011d791b0000

Metaspace:

Usage:
  Non-class:     22.70 MB used.
      Class:      2.71 MB used.
       Both:     25.42 MB used.

Virtual space:
  Non-class space:       64.00 MB reserved,      22.94 MB ( 36%) committed,  1 nodes.
      Class space:        1.00 GB reserved,       2.88 MB ( <1%) committed,  1 nodes.
             Both:        1.06 GB reserved,      25.81 MB (  2%) committed. 

Chunk freelists:
   Non-Class:  8.61 MB
       Class:  13.03 MB
        Both:  21.64 MB

MaxMetaspaceSize: unlimited
CompressedClassSpaceSize: 1.00 GB
Initial GC threshold: 21.00 MB
Current GC threshold: 35.12 MB
CDS: on
 - commit_granule_bytes: 65536.
 - commit_granule_words: 8192.
 - virtual_space_node_default_size: 8388608.
 - enlarge_chunks_in_place: 1.
 - use_allocation_guard: 0.


Internal statistics:

num_allocs_failed_limit: 3.
num_arena_births: 432.
num_arena_deaths: 0.
num_vsnodes_births: 2.
num_vsnodes_deaths: 0.
num_space_committed: 407.
num_space_uncommitted: 0.
num_chunks_returned_to_freelist: 3.
num_chunks_taken_from_freelist: 780.
num_chunk_merges: 0.
num_chunk_splits: 495.
num_chunks_enlarged: 296.
num_inconsistent_stats: 0.

CodeHeap 'non-profiled nmethods': size=120064Kb used=9307Kb max_used=9307Kb free=110756Kb
 bounds [0x0000011d10140000, 0x0000011d10a60000, 0x0000011d17680000]
CodeHeap 'profiled nmethods': size=120000Kb used=16664Kb max_used=16664Kb free=103336Kb
 bounds [0x0000011d08680000, 0x0000011d096d0000, 0x0000011d0fbb0000]
CodeHeap 'non-nmethods': size=5696Kb used=1781Kb max_used=1855Kb free=3914Kb
 bounds [0x0000011d0fbb0000, 0x0000011d0fe20000, 0x0000011d10140000]
CodeCache: size=245760Kb, used=27752Kb, max_used=27826Kb, free=218006Kb
 total_blobs=11072, nmethods=10245, adapters=731, full_count=0
Compilation: enabled, stopped_count=0, restarted_count=0

Compilation events (20 events):
Event: 1876.665 Thread 0x0000011d1b3e3a70 10239       4       java.util.concurrent.ConcurrentHashMap$BaseIterator::<init> (21 bytes)
Event: 1876.672 Thread 0x0000011d1b3e3a70 nmethod 10239 0x0000011d10a53888 code [0x0000011d10a539a0, 0x0000011d10a53f40]
Event: 1880.801 Thread 0x0000011d1b3e3a70 10240       4       java.util.concurrent.CopyOnWriteArrayList::indexOfRange (63 bytes)
Event: 1880.803 Thread 0x0000011d1b3e3a70 nmethod 10240 0x0000011d10a53f88 code [0x0000011d10a540a0, 0x0000011d10a54210]
Event: 1901.505 Thread 0x0000011d1b3e60a0 10241       3       java.beans.PropertyChangeSupport::firePropertyChange (35 bytes)
Event: 1901.506 Thread 0x0000011d1b3e60a0 nmethod 10241 0x0000011d096c4c08 code [0x0000011d096c4d80, 0x0000011d096c5510]
Event: 1901.506 Thread 0x0000011d1b3e60a0 10242   !   3       java.awt.Toolkit::setDesktopProperty (81 bytes)
Event: 1901.506 Thread 0x0000011d1b3e60a0 nmethod 10242 0x0000011d096c5588 code [0x0000011d096c5720, 0x0000011d096c5fc0]
Event: 1909.100 Thread 0x0000011d1b3e3a70 10243       4       javax.swing.text.GapContent::findMarkAdjustIndex (68 bytes)
Event: 1909.107 Thread 0x0000011d1b3e3a70 nmethod 10243 0x0000011d10a54288 code [0x0000011d10a543c0, 0x0000011d10a547c8]
Event: 1910.022 Thread 0x0000011d1b3e3a70 10244       4       java.net.URLStreamHandler::setURL (156 bytes)
Event: 1910.039 Thread 0x0000011d1b3e3a70 nmethod 10244 0x0000011d10a54888 code [0x0000011d10a54a20, 0x0000011d10a55818]
Event: 1920.004 Thread 0x0000011d1b3e3a70 10245       4       java.lang.Class::forName (24 bytes)
Event: 1920.005 Thread 0x0000011d1b3e3a70 nmethod 10245 0x0000011d10a55908 code [0x0000011d10a55a00, 0x0000011d10a55a98]
Event: 1920.008 Thread 0x0000011d1b3e3a70 10246   !   4       java.net.URLDecoder::decode (306 bytes)
Event: 1920.018 Thread 0x0000011d1b3e3a70 nmethod 10246 0x0000011d10a55c08 code [0x0000011d10a55d80, 0x0000011d10a56520]
Event: 1930.900 Thread 0x0000011d1b3e3a70 10247       4       sun.net.www.ParseUtil::encodePath (41 bytes)
Event: 1930.907 Thread 0x0000011d1b3e3a70 nmethod 10247 0x0000011d10a56608 code [0x0000011d10a56740, 0x0000011d10a569c8]
Event: 1946.265 Thread 0x0000011d1b3e3a70 10248       4       java.util.ResourceBundle::getObject (82 bytes)
Event: 1946.266 Thread 0x0000011d1b3e3a70 nmethod 10248 0x0000011d10a56a88 code [0x0000011d10a56ba0, 0x0000011d10a56c98]

GC Heap History (20 events):
Event: 1863.816 GC heap before
{Heap before GC invocations=138 (full 0):
 garbage-first heap   total reserved 4018176K, committed 151552K, used 130591K [0x000000070ac00000, 0x0000000800000000)
  region size 2048K, 44 young (90112K), 2 survivors (4096K)
 Metaspace       used 26021K, committed 26432K, reserved 1114112K
  class space    used 2776K, committed 2944K, reserved 1048576K
}
Event: 1863.818 GC heap after
{Heap after GC invocations=139 (full 0):
 garbage-first heap   total reserved 4018176K, committed 151552K, used 45260K [0x000000070ac00000, 0x0000000800000000)
  region size 2048K, 1 young (2048K), 1 survivors (2048K)
 Metaspace       used 26021K, committed 26432K, reserved 1114112K
  class space    used 2776K, committed 2944K, reserved 1048576K
}
Event: 1882.540 GC heap before
{Heap before GC invocations=139 (full 0):
 garbage-first heap   total reserved 4018176K, committed 151552K, used 131276K [0x000000070ac00000, 0x0000000800000000)
  region size 2048K, 44 young (90112K), 1 survivors (2048K)
 Metaspace       used 26021K, committed 26432K, reserved 1114112K
  class space    used 2776K, committed 2944K, reserved 1048576K
}
Event: 1882.542 GC heap after
{Heap after GC invocations=140 (full 0):
 garbage-first heap   total reserved 4018176K, committed 151552K, used 46365K [0x000000070ac00000, 0x0000000800000000)
  region size 2048K, 2 young (4096K), 2 survivors (4096K)
 Metaspace       used 26021K, committed 26432K, reserved 1114112K
  class space    used 2776K, committed 2944K, reserved 1048576K
}
Event: 1898.502 GC heap before
{Heap before GC invocations=140 (full 0):
 garbage-first heap   total reserved 4018176K, committed 151552K, used 130333K [0x000000070ac00000, 0x0000000800000000)
  region size 2048K, 44 young (90112K), 2 survivors (4096K)
 Metaspace       used 26021K, committed 26432K, reserved 1114112K
  class space    used 2776K, committed 2944K, reserved 1048576K
}
Event: 1898.503 GC heap after
{Heap after GC invocations=141 (full 0):
 garbage-first heap   total reserved 4018176K, committed 151552K, used 45272K [0x000000070ac00000, 0x0000000800000000)
  region size 2048K, 1 young (2048K), 1 survivors (2048K)
 Metaspace       used 26021K, committed 26432K, reserved 1114112K
  class space    used 2776K, committed 2944K, reserved 1048576K
}
Event: 1910.020 GC heap before
{Heap before GC invocations=141 (full 0):
 garbage-first heap   total reserved 4018176K, committed 151552K, used 131288K [0x000000070ac00000, 0x0000000800000000)
  region size 2048K, 44 young (90112K), 1 survivors (2048K)
 Metaspace       used 26023K, committed 26432K, reserved 1114112K
  class space    used 2776K, committed 2944K, reserved 1048576K
}
Event: 1910.022 GC heap after
{Heap after GC invocations=142 (full 0):
 garbage-first heap   total reserved 4018176K, committed 151552K, used 45214K [0x000000070ac00000, 0x0000000800000000)
  region size 2048K, 1 young (2048K), 1 survivors (2048K)
 Metaspace       used 26023K, committed 26432K, reserved 1114112K
  class space    used 2776K, committed 2944K, reserved 1048576K
}
Event: 1918.007 GC heap before
{Heap before GC invocations=142 (full 0):
 garbage-first heap   total reserved 4018176K, committed 151552K, used 133278K [0x000000070ac00000, 0x0000000800000000)
  region size 2048K, 44 young (90112K), 1 survivors (2048K)
 Metaspace       used 26023K, committed 26432K, reserved 1114112K
  class space    used 2776K, committed 2944K, reserved 1048576K
}
Event: 1918.009 GC heap after
{Heap after GC invocations=143 (full 0):
 garbage-first heap   total reserved 4018176K, committed 151552K, used 45183K [0x000000070ac00000, 0x0000000800000000)
  region size 2048K, 1 young (2048K), 1 survivors (2048K)
 Metaspace       used 26023K, committed 26432K, reserved 1114112K
  class space    used 2776K, committed 2944K, reserved 1048576K
}
Event: 1925.821 GC heap before
{Heap before GC invocations=143 (full 0):
 garbage-first heap   total reserved 4018176K, committed 151552K, used 133247K [0x000000070ac00000, 0x0000000800000000)
  region size 2048K, 44 young (90112K), 1 survivors (2048K)
 Metaspace       used 26023K, committed 26432K, reserved 1114112K
  class space    used 2776K, committed 2944K, reserved 1048576K
}
Event: 1925.824 GC heap after
{Heap after GC invocations=144 (full 0):
 garbage-first heap   total reserved 4018176K, committed 151552K, used 45195K [0x000000070ac00000, 0x0000000800000000)
  region size 2048K, 1 young (2048K), 1 survivors (2048K)
 Metaspace       used 26023K, committed 26432K, reserved 1114112K
  class space    used 2776K, committed 2944K, reserved 1048576K
}
Event: 1933.728 GC heap before
{Heap before GC invocations=144 (full 0):
 garbage-first heap   total reserved 4018176K, committed 151552K, used 131211K [0x000000070ac00000, 0x0000000800000000)
  region size 2048K, 44 young (90112K), 1 survivors (2048K)
 Metaspace       used 26023K, committed 26432K, reserved 1114112K
  class space    used 2776K, committed 2944K, reserved 1048576K
}
Event: 1933.729 GC heap after
{Heap after GC invocations=145 (full 0):
 garbage-first heap   total reserved 4018176K, committed 151552K, used 45198K [0x000000070ac00000, 0x0000000800000000)
  region size 2048K, 1 young (2048K), 1 survivors (2048K)
 Metaspace       used 26023K, committed 26432K, reserved 1114112K
  class space    used 2776K, committed 2944K, reserved 1048576K
}
Event: 1941.867 GC heap before
{Heap before GC invocations=145 (full 0):
 garbage-first heap   total reserved 4018176K, committed 151552K, used 133262K [0x000000070ac00000, 0x0000000800000000)
  region size 2048K, 44 young (90112K), 1 survivors (2048K)
 Metaspace       used 26023K, committed 26432K, reserved 1114112K
  class space    used 2776K, committed 2944K, reserved 1048576K
}
Event: 1941.869 GC heap after
{Heap after GC invocations=146 (full 0):
 garbage-first heap   total reserved 4018176K, committed 151552K, used 45145K [0x000000070ac00000, 0x0000000800000000)
  region size 2048K, 1 young (2048K), 1 survivors (2048K)
 Metaspace       used 26023K, committed 26432K, reserved 1114112K
  class space    used 2776K, committed 2944K, reserved 1048576K
}
Event: 1949.838 GC heap before
{Heap before GC invocations=146 (full 0):
 garbage-first heap   total reserved 4018176K, committed 151552K, used 133209K [0x000000070ac00000, 0x0000000800000000)
  region size 2048K, 44 young (90112K), 1 survivors (2048K)
 Metaspace       used 26023K, committed 26432K, reserved 1114112K
  class space    used 2776K, committed 2944K, reserved 1048576K
}
Event: 1949.840 GC heap after
{Heap after GC invocations=147 (full 0):
 garbage-first heap   total reserved 4018176K, committed 151552K, used 45171K [0x000000070ac00000, 0x0000000800000000)
  region size 2048K, 1 young (2048K), 1 survivors (2048K)
 Metaspace       used 26023K, committed 26432K, reserved 1114112K
  class space    used 2776K, committed 2944K, reserved 1048576K
}
Event: 1957.446 GC heap before
{Heap before GC invocations=147 (full 0):
 garbage-first heap   total reserved 4018176K, committed 151552K, used 133235K [0x000000070ac00000, 0x0000000800000000)
  region size 2048K, 44 young (90112K), 1 survivors (2048K)
 Metaspace       used 26023K, committed 26432K, reserved 1114112K
  class space    used 2776K, committed 2944K, reserved 1048576K
}
Event: 1957.448 GC heap after
{Heap after GC invocations=148 (full 0):
 garbage-first heap   total reserved 4018176K, committed 151552K, used 45195K [0x000000070ac00000, 0x0000000800000000)
  region size 2048K, 1 young (2048K), 1 survivors (2048K)
 Metaspace       used 26023K, committed 26432K, reserved 1114112K
  class space    used 2776K, committed 2944K, reserved 1048576K
}

Dll operation events (12 events):
Event: 0.008 Loaded shared library C:\Program Files\Java\jdk-23\bin\java.dll
Event: 0.041 Loaded shared library C:\Program Files\Java\jdk-23\bin\jsvml.dll
Event: 0.092 Loaded shared library C:\Program Files\Java\jdk-23\bin\net.dll
Event: 0.094 Loaded shared library C:\Program Files\Java\jdk-23\bin\nio.dll
Event: 0.098 Loaded shared library C:\Program Files\Java\jdk-23\bin\zip.dll
Event: 0.144 Loaded shared library C:\Program Files\Java\jdk-23\bin\jimage.dll
Event: 0.191 Loaded shared library C:\Program Files\Java\jdk-23\bin\awt.dll
Event: 0.342 Loaded shared library C:\Program Files\Java\jdk-23\bin\freetype.dll
Event: 0.343 Loaded shared library C:\Program Files\Java\jdk-23\bin\fontmanager.dll
Event: 2.183 Loaded shared library C:\Program Files\Java\jdk-23\bin\javajpeg.dll
Event: 2.701 Loaded shared library C:\Program Files\Java\jdk-23\bin\extnet.dll
Event: 3.028 Loaded shared library C:\Program Files\Java\jdk-23\bin\verify.dll

Deoptimization events (20 events):
Event: 1959.251 Thread 0x0000011d6124ba10 Uncommon trap: trap_request=0xffffff9d fr.pc=0x0000011d108ac3fc relative=0x00000000000023fc
Event: 1959.251 Thread 0x0000011d6124ba10 Uncommon trap: reason=unreached action=reinterpret pc=0x0000011d108ac3fc method=sun.java2d.pipe.DrawImage.renderImageScale(Lsun/java2d/SunGraphics2D;Ljava/awt/Image;Ljava/awt/Color;IIIIIDDDD)Z @ 114 c2
Event: 1959.251 Thread 0x0000011d6124ba10 DEOPT PACKING pc=0x0000011d108ac3fc sp=0x0000000e11efea40
Event: 1959.252 Thread 0x0000011d6124ba10 DEOPT UNPACKING pc=0x0000011d0fc04402 sp=0x0000000e11efe690 mode 2
Event: 1959.252 Thread 0x0000011d6124ba10 Uncommon trap: trap_request=0xffffff9d fr.pc=0x0000011d106063f0 relative=0x0000000000000470
Event: 1959.252 Thread 0x0000011d6124ba10 Uncommon trap: reason=unreached action=reinterpret pc=0x0000011d106063f0 method=sun.java2d.SunGraphics2D.scaleImage(Ljava/awt/Image;IIIIIIIILjava/awt/Color;Ljava/awt/image/ImageObserver;)Z @ 41 c2
Event: 1959.252 Thread 0x0000011d6124ba10 DEOPT PACKING pc=0x0000011d106063f0 sp=0x0000000e11efeb10
Event: 1959.252 Thread 0x0000011d6124ba10 DEOPT UNPACKING pc=0x0000011d0fc04402 sp=0x0000000e11efeaa0 mode 2
Event: 1959.252 Thread 0x0000011d6124ba10 Uncommon trap: trap_request=0xffffff45 fr.pc=0x0000011d10717454 relative=0x0000000000000214
Event: 1959.252 Thread 0x0000011d6b0754e0 Uncommon trap: trap_request=0xffffff45 fr.pc=0x0000011d10a27104 relative=0x00000000000017a4
Event: 1959.252 Thread 0x0000011d6b0754e0 Uncommon trap: reason=unstable_if action=reinterpret pc=0x0000011d10a27104 method=sun.java2d.d3d.D3DScreenUpdateManager.run()V @ 146 c2
Event: 1959.252 Thread 0x0000011d6124ba10 Uncommon trap: reason=unstable_if action=reinterpret pc=0x0000011d10717454 method=sun.java2d.SunGraphics2D.setDevClip(IIII)V @ 8 c2
Event: 1959.252 Thread 0x0000011d6b0754e0 DEOPT PACKING pc=0x0000011d10a27104 sp=0x0000000e138ff690
Event: 1959.252 Thread 0x0000011d6124ba10 DEOPT PACKING pc=0x0000011d10717454 sp=0x0000000e11efea00
Event: 1959.252 Thread 0x0000011d6b0754e0 DEOPT UNPACKING pc=0x0000011d0fc04402 sp=0x0000000e138ff658 mode 2
Event: 1959.252 Thread 0x0000011d6124ba10 DEOPT UNPACKING pc=0x0000011d0fc04402 sp=0x0000000e11efe948 mode 2
Event: 1959.721 Thread 0x0000011d6124ba10 Uncommon trap: trap_request=0xffffff9d fr.pc=0x0000011d10892f14 relative=0x0000000000000a14
Event: 1959.721 Thread 0x0000011d6124ba10 Uncommon trap: reason=unreached action=reinterpret pc=0x0000011d10892f14 method=sun.java2d.pipe.DrawImage.renderImageScale(Lsun/java2d/SunGraphics2D;Ljava/awt/Image;Ljava/awt/Color;IIIIIDDDD)Z @ 114 c2
Event: 1959.721 Thread 0x0000011d6124ba10 DEOPT PACKING pc=0x0000011d10892f14 sp=0x0000000e11efe6c0
Event: 1959.721 Thread 0x0000011d6124ba10 DEOPT UNPACKING pc=0x0000011d0fc04402 sp=0x0000000e11efe4e0 mode 2

Classes loaded (20 events):
Event: 275.727 Loading class javax/swing/JScrollBarTrack
Event: 275.727 Loading class javax/swing/JScrollBarTrack done
Event: 275.727 Loading class javax/swing/JSliderThumb
Event: 275.727 Loading class javax/swing/JSliderThumb done
Event: 275.727 Loading class javax/swing/JSliderTrack
Event: 275.727 Loading class javax/swing/JSliderTrack done
Event: 275.727 Loading class javax/swing/JSplitPaneDivider
Event: 275.727 Loading class javax/swing/JSplitPaneDivider done
Event: 275.727 Loading class javax/swing/JTabbedPaneTab
Event: 275.727 Loading class javax/swing/JTabbedPaneTab done
Event: 275.727 Loading class javax/swing/JTabbedPaneTabArea
Event: 275.727 Loading class javax/swing/JTabbedPaneTabArea done
Event: 275.727 Loading class javax/swing/JTabbedPaneContent
Event: 275.727 Loading class javax/swing/JTabbedPaneContent done
Event: 275.727 Loading class javax/swing/JTableHeader
Event: 275.727 Loading class javax/swing/JTableHeader done
Event: 275.727 Loading class javax/swing/JToolBarSeparator
Event: 275.727 Loading class javax/swing/JToolBarSeparator done
Event: 275.727 Loading class javax/swing/JTreeCell
Event: 275.727 Loading class javax/swing/JTreeCell done

Classes unloaded (0 events):
No events

Classes redefined (0 events):
No events

Internal exceptions (20 events):
Event: 275.727 Thread 0x0000011d6124ba10 Exception <a 'java/lang/ClassNotFoundException'{0x00000007117a7130}: TableHeader> (0x00000007117a7130) 
thrown [s\open\src\hotspot\share\classfile\systemDictionary.cpp, line 313]
Event: 275.727 Thread 0x0000011d6124ba10 Exception <a 'java/lang/ClassNotFoundException'{0x00000007117a7bc0}: TextField> (0x00000007117a7bc0) 
thrown [s\open\src\hotspot\share\classfile\systemDictionary.cpp, line 313]
Event: 275.727 Thread 0x0000011d6124ba10 Exception <a 'java/lang/ClassNotFoundException'{0x00000007117a82a8}: FormattedTextField> (0x00000007117a82a8) 
thrown [s\open\src\hotspot\share\classfile\systemDictionary.cpp, line 313]
Event: 275.727 Thread 0x0000011d6124ba10 Exception <a 'java/lang/ClassNotFoundException'{0x00000007117a8988}: PasswordField> (0x00000007117a8988) 
thrown [s\open\src\hotspot\share\classfile\systemDictionary.cpp, line 313]
Event: 275.727 Thread 0x0000011d6124ba10 Exception <a 'java/lang/ClassNotFoundException'{0x00000007117a9098}: TextArea> (0x00000007117a9098) 
thrown [s\open\src\hotspot\share\classfile\systemDictionary.cpp, line 313]
Event: 275.727 Thread 0x0000011d6124ba10 Exception <a 'java/lang/ClassNotFoundException'{0x00000007117a97a8}: TextPane> (0x00000007117a97a8) 
thrown [s\open\src\hotspot\share\classfile\systemDictionary.cpp, line 313]
Event: 275.727 Thread 0x0000011d6124ba10 Exception <a 'java/lang/ClassNotFoundException'{0x00000007117a9ec0}: EditorPane> (0x00000007117a9ec0) 
thrown [s\open\src\hotspot\share\classfile\systemDictionary.cpp, line 313]
Event: 275.727 Thread 0x0000011d6124ba10 Exception <a 'java/lang/ClassNotFoundException'{0x00000007117aa9f0}: ToolBar> (0x00000007117aa9f0) 
thrown [s\open\src\hotspot\share\classfile\systemDictionary.cpp, line 313]
Event: 275.727 Thread 0x0000011d6124ba10 Exception <a 'java/lang/ClassNotFoundException'{0x00000007117ab160}: ToolBar> (0x00000007117ab160) 
thrown [s\open\src\hotspot\share\classfile\systemDictionary.cpp, line 313]
Event: 275.727 Thread 0x0000011d6124ba10 Exception <a 'java/lang/ClassNotFoundException'{0x00000007117ab770}: Button> (0x00000007117ab770) 
thrown [s\open\src\hotspot\share\classfile\systemDictionary.cpp, line 313]
Event: 275.727 Thread 0x0000011d6124ba10 Exception <a 'java/lang/ClassNotFoundException'{0x00000007117abea8}: ToolBar> (0x00000007117abea8) 
thrown [s\open\src\hotspot\share\classfile\systemDictionary.cpp, line 313]
Event: 275.727 Thread 0x0000011d6124ba10 Exception <a 'java/lang/ClassNotFoundException'{0x00000007117ac4c8}: ToggleButton> (0x00000007117ac4c8) 
thrown [s\open\src\hotspot\share\classfile\systemDictionary.cpp, line 313]
Event: 275.727 Thread 0x0000011d6124ba10 Exception <a 'java/lang/ClassNotFoundException'{0x00000007117acbb8}: javax/swing/JToolBarSeparator> (0x00000007117acbb8) 
thrown [s\open\src\hotspot\share\classfile\systemDictionary.cpp, line 313]
Event: 275.727 Thread 0x0000011d6124ba10 Exception <a 'java/lang/ClassNotFoundException'{0x00000007117ad178}: ToolBarSeparator> (0x00000007117ad178) 
thrown [s\open\src\hotspot\share\classfile\systemDictionary.cpp, line 313]
Event: 275.727 Thread 0x0000011d6124ba10 Exception <a 'java/lang/ClassNotFoundException'{0x00000007117ad888}: ToolTip> (0x00000007117ad888) 
thrown [s\open\src\hotspot\share\classfile\systemDictionary.cpp, line 313]
Event: 275.727 Thread 0x0000011d6124ba10 Exception <a 'java/lang/ClassNotFoundException'{0x00000007117adf98}: Tree> (0x00000007117adf98) 
thrown [s\open\src\hotspot\share\classfile\systemDictionary.cpp, line 313]
Event: 275.727 Thread 0x0000011d6124ba10 Exception <a 'java/lang/ClassNotFoundException'{0x00000007117ae708}: Tree> (0x00000007117ae708) 
thrown [s\open\src\hotspot\share\classfile\systemDictionary.cpp, line 313]
Event: 275.727 Thread 0x0000011d6124ba10 Exception <a 'java/lang/ClassNotFoundException'{0x00000007117aed28}: javax/swing/JTreeCell> (0x00000007117aed28) 
thrown [s\open\src\hotspot\share\classfile\systemDictionary.cpp, line 313]
Event: 275.727 Thread 0x0000011d6124ba10 Exception <a 'java/lang/ClassNotFoundException'{0x00000007117af2e0}: TreeCell> (0x00000007117af2e0) 
thrown [s\open\src\hotspot\share\classfile\systemDictionary.cpp, line 313]
Event: 275.727 Thread 0x0000011d6124ba10 Exception <a 'java/lang/ClassNotFoundException'{0x00000007117afb48}: RootPane> (0x00000007117afb48) 
thrown [s\open\src\hotspot\share\classfile\systemDictionary.cpp, line 313]

VM Operations (20 events):
Event: 1898.502 Executing VM operation: G1CollectForAllocation (G1 Evacuation Pause)
Event: 1898.503 Executing VM operation: G1CollectForAllocation (G1 Evacuation Pause) done
Event: 1910.020 Executing VM operation: G1CollectForAllocation (G1 Evacuation Pause)
Event: 1910.022 Executing VM operation: G1CollectForAllocation (G1 Evacuation Pause) done
Event: 1918.007 Executing VM operation: G1CollectForAllocation (G1 Evacuation Pause)
Event: 1918.009 Executing VM operation: G1CollectForAllocation (G1 Evacuation Pause) done
Event: 1923.760 Executing VM operation: HandshakeAllThreads (HandshakeForDeflation)
Event: 1923.760 Executing VM operation: HandshakeAllThreads (HandshakeForDeflation) done
Event: 1923.760 Executing VM operation: RendezvousGCThreads
Event: 1923.760 Executing VM operation: RendezvousGCThreads done
Event: 1925.821 Executing VM operation: G1CollectForAllocation (G1 Evacuation Pause)
Event: 1925.824 Executing VM operation: G1CollectForAllocation (G1 Evacuation Pause) done
Event: 1933.728 Executing VM operation: G1CollectForAllocation (G1 Evacuation Pause)
Event: 1933.729 Executing VM operation: G1CollectForAllocation (G1 Evacuation Pause) done
Event: 1941.867 Executing VM operation: G1CollectForAllocation (G1 Evacuation Pause)
Event: 1941.869 Executing VM operation: G1CollectForAllocation (G1 Evacuation Pause) done
Event: 1949.838 Executing VM operation: G1CollectForAllocation (G1 Evacuation Pause)
Event: 1949.840 Executing VM operation: G1CollectForAllocation (G1 Evacuation Pause) done
Event: 1957.446 Executing VM operation: G1CollectForAllocation (G1 Evacuation Pause)
Event: 1957.448 Executing VM operation: G1CollectForAllocation (G1 Evacuation Pause) done

Memory protections (0 events):
No events

Nmethod flushes (0 events):
No events

Events (20 events):
Event: 269.786 Thread 0x0000011d6124ba10 Thread added: 0x0000011d71930990
Event: 269.786 Thread 0x0000011d6124ba10 Thread added: 0x0000011d719323d0
Event: 271.647 Thread 0x0000011d719323d0 Thread exited: 0x0000011d719323d0
Event: 271.647 Thread 0x0000011d71930990 Thread exited: 0x0000011d71930990
Event: 273.096 Thread 0x0000011d6124ba10 Thread added: 0x0000011d71930300
Event: 273.097 Thread 0x0000011d6124ba10 Thread added: 0x0000011d71932a60
Event: 273.439 Thread 0x0000011d71932a60 Thread exited: 0x0000011d71932a60
Event: 273.576 Thread 0x0000011d71930300 Thread exited: 0x0000011d71930300
Event: 274.577 Thread 0x0000011d6124ba10 Thread added: 0x0000011d71930990
Event: 274.577 Thread 0x0000011d6124ba10 Thread added: 0x0000011d71931020
Event: 275.291 Thread 0x0000011d71930990 Thread exited: 0x0000011d71930990
Event: 275.291 Thread 0x0000011d71931020 Thread exited: 0x0000011d71931020
Event: 275.904 Thread 0x0000011d6124ba10 Thread added: 0x0000011d71931d40
Event: 275.904 Thread 0x0000011d6124ba10 Thread added: 0x0000011d71930990
Event: 277.527 Thread 0x0000011d71930990 Thread exited: 0x0000011d71930990
Event: 277.677 Thread 0x0000011d71931d40 Thread exited: 0x0000011d71931d40
Event: 1737.101 Thread 0x0000011d1b3e3a70 Thread added: 0x0000011d6dea0c30
Event: 1737.101 Thread 0x0000011d1b3e3a70 Thread added: 0x0000011d6de9d5b0
Event: 1742.114 Thread 0x0000011d6de9d5b0 Thread exited: 0x0000011d6de9d5b0
Event: 1742.114 Thread 0x0000011d6dea0c30 Thread exited: 0x0000011d6dea0c30


Dynamic libraries:
0x00007ff7e66a0000 - 0x00007ff7e66b0000 	C:\Program Files\Java\jdk-23\bin\java.exe
0x00007ffce7a20000 - 0x00007ffce7c86000 	C:\WINDOWS\SYSTEM32\ntdll.dll
0x00007ffce6f60000 - 0x00007ffce7029000 	C:\WINDOWS\System32\KERNEL32.DLL
0x00007ffce4e80000 - 0x00007ffce524c000 	C:\WINDOWS\System32\KERNELBASE.dll
0x00007ffce4d30000 - 0x00007ffce4e7b000 	C:\WINDOWS\System32\ucrtbase.dll
0x00007ffcc5ee0000 - 0x00007ffcc5ef7000 	C:\Program Files\Java\jdk-23\bin\jli.dll
0x00007ffcdfcb0000 - 0x00007ffcdfccb000 	C:\Program Files\Java\jdk-23\bin\VCRUNTIME140.dll
0x00007ffce7810000 - 0x00007ffce79da000 	C:\WINDOWS\System32\USER32.dll
0x00007ffce52e0000 - 0x00007ffce5307000 	C:\WINDOWS\System32\win32u.dll
0x00007ffce6830000 - 0x00007ffce685b000 	C:\WINDOWS\System32\GDI32.dll
0x00007ffccf580000 - 0x00007ffccf81a000 	C:\WINDOWS\WinSxS\amd64_microsoft.windows.common-controls_6595b64144ccf1df_6.0.26100.3912_none_3e07963ce335137e\COMCTL32.dll
0x00007ffce5310000 - 0x00007ffce5442000 	C:\WINDOWS\System32\gdi32full.dll
0x00007ffce6860000 - 0x00007ffce6909000 	C:\WINDOWS\System32\msvcrt.dll
0x00007ffce54f0000 - 0x00007ffce5593000 	C:\WINDOWS\System32\msvcp_win.dll
0x00007ffce76a0000 - 0x00007ffce76d0000 	C:\WINDOWS\System32\IMM32.DLL
0x00007ffcdfd30000 - 0x00007ffcdfd3c000 	C:\Program Files\Java\jdk-23\bin\vcruntime140_1.dll
0x00007ffcd9b70000 - 0x00007ffcd9bfe000 	C:\Program Files\Java\jdk-23\bin\msvcp140.dll
0x00007ffca1c80000 - 0x00007ffca29d0000 	C:\Program Files\Java\jdk-23\bin\server\jvm.dll
0x00007ffce6ea0000 - 0x00007ffce6f52000 	C:\WINDOWS\System32\ADVAPI32.dll
0x00007ffce6580000 - 0x00007ffce6626000 	C:\WINDOWS\System32\sechost.dll
0x00007ffce76e0000 - 0x00007ffce77f6000 	C:\WINDOWS\System32\RPCRT4.dll
0x00007ffce6da0000 - 0x00007ffce6e14000 	C:\WINDOWS\System32\WS2_32.dll
0x00007ffce4a20000 - 0x00007ffce4a7e000 	C:\WINDOWS\SYSTEM32\POWRPROF.dll
0x00007ffcdf320000 - 0x00007ffcdf356000 	C:\WINDOWS\SYSTEM32\WINMM.dll
0x00007ffce11b0000 - 0x00007ffce11bb000 	C:\WINDOWS\SYSTEM32\VERSION.dll
0x00007ffce4a00000 - 0x00007ffce4a14000 	C:\WINDOWS\SYSTEM32\UMPDC.dll
0x00007ffce3970000 - 0x00007ffce398a000 	C:\WINDOWS\SYSTEM32\kernel.appcore.dll
0x00007ffcda180000 - 0x00007ffcda18a000 	C:\Program Files\Java\jdk-23\bin\jimage.dll
0x00007ffcd5bc0000 - 0x00007ffcd5e01000 	C:\WINDOWS\SYSTEM32\DBGHELP.DLL
0x00007ffce7270000 - 0x00007ffce75f4000 	C:\WINDOWS\System32\combase.dll
0x00007ffce6740000 - 0x00007ffce6820000 	C:\WINDOWS\System32\OLEAUT32.dll
0x00007ffccf540000 - 0x00007ffccf579000 	C:\WINDOWS\SYSTEM32\dbgcore.DLL
0x00007ffce5450000 - 0x00007ffce54e9000 	C:\WINDOWS\System32\bcryptPrimitives.dll
0x00007ffcdfc90000 - 0x00007ffcdfcae000 	C:\Program Files\Java\jdk-23\bin\java.dll
0x00007ffce61f0000 - 0x00007ffce638f000 	C:\WINDOWS\System32\ole32.dll
0x00007ffce5ac0000 - 0x00007ffce61ed000 	C:\WINDOWS\System32\SHELL32.dll
0x00007ffce4bb0000 - 0x00007ffce4d24000 	C:\WINDOWS\System32\wintypes.dll
0x00007ffce2840000 - 0x00007ffce3096000 	C:\WINDOWS\SYSTEM32\windows.storage.dll
0x00007ffce7170000 - 0x00007ffce725f000 	C:\WINDOWS\System32\SHCORE.dll
0x00007ffce57e0000 - 0x00007ffce5849000 	C:\WINDOWS\System32\shlwapi.dll
0x00007ffce4ac0000 - 0x00007ffce4aef000 	C:\WINDOWS\SYSTEM32\profapi.dll
0x00007ffcd6d50000 - 0x00007ffcd6e27000 	C:\Program Files\Java\jdk-23\bin\jsvml.dll
0x00007ffcda170000 - 0x00007ffcda180000 	C:\Program Files\Java\jdk-23\bin\net.dll
0x00007ffce3ee0000 - 0x00007ffce3f4a000 	C:\WINDOWS\system32\mswsock.dll
0x00007ffcda150000 - 0x00007ffcda166000 	C:\Program Files\Java\jdk-23\bin\nio.dll
0x00007ffcda130000 - 0x00007ffcda147000 	C:\Program Files\Java\jdk-23\bin\zip.dll
0x00007ffcb6a40000 - 0x00007ffcb6bce000 	C:\Program Files\Java\jdk-23\bin\awt.dll
0x00007ffce1820000 - 0x00007ffce18be000 	C:\WINDOWS\SYSTEM32\apphelp.dll
0x00007ffce2210000 - 0x00007ffce22bf000 	C:\WINDOWS\system32\uxtheme.dll
0x00007ffce6410000 - 0x00007ffce656f000 	C:\WINDOWS\System32\MSCTF.dll
0x00007ffce2530000 - 0x00007ffce2566000 	C:\WINDOWS\system32\DWMAPI.DLL
0x00007ffcbcbb0000 - 0x00007ffcbcc37000 	C:\Program Files\Java\jdk-23\bin\freetype.dll
0x00007ffcb6960000 - 0x00007ffcb6a37000 	C:\Program Files\Java\jdk-23\bin\fontmanager.dll
0x00007ffc7a3d0000 - 0x00007ffc7a4dc000 	C:\WINDOWS\system32\opengl32.dll
0x00007ffcbbf40000 - 0x00007ffcbbf6d000 	C:\WINDOWS\SYSTEM32\GLU32.dll
0x00007ffce2310000 - 0x00007ffce2357000 	C:\WINDOWS\SYSTEM32\dxcore.dll
0x00007ffce23d0000 - 0x00007ffce2503000 	C:\WINDOWS\SYSTEM32\dxgi.dll
0x00007ffce2360000 - 0x00007ffce23c0000 	C:\WINDOWS\SYSTEM32\directxdatabasehelper.dll
0x00007ffce4680000 - 0x00007ffce46d7000 	C:\WINDOWS\SYSTEM32\cfgmgr32.dll
0x00007ffce4a90000 - 0x00007ffce4ab6000 	C:\WINDOWS\SYSTEM32\BCrypt.dll
0x00007ffce4180000 - 0x00007ffce419c000 	C:\WINDOWS\SYSTEM32\CRYPTSP.dll
0x00007ffce38d0000 - 0x00007ffce390a000 	C:\WINDOWS\system32\rsaenh.dll
0x00007ffce3f80000 - 0x00007ffce3fab000 	C:\WINDOWS\SYSTEM32\USERENV.dll
0x00007ffce41a0000 - 0x00007ffce41ac000 	C:\WINDOWS\SYSTEM32\CRYPTBASE.dll
0x00007ffce33a0000 - 0x00007ffce33d3000 	C:\WINDOWS\SYSTEM32\IPHLPAPI.DLL
0x00007ffce7800000 - 0x00007ffce780a000 	C:\WINDOWS\System32\NSI.dll
0x00007ffcc6030000 - 0x00007ffcc605e000 	C:\Program Files\Java\jdk-23\bin\javajpeg.dll
0x00007ffce33e0000 - 0x00007ffce3507000 	C:\WINDOWS\SYSTEM32\DNSAPI.dll
0x00007ffcd7090000 - 0x00007ffcd709b000 	C:\Windows\System32\rasadhlp.dll
0x00007ffcd79e0000 - 0x00007ffcd7a66000 	C:\WINDOWS\System32\fwpuclnt.dll
0x00007ffcd9c90000 - 0x00007ffcd9c99000 	C:\Program Files\Java\jdk-23\bin\extnet.dll
0x00007ffcda120000 - 0x00007ffcda130000 	C:\Program Files\Java\jdk-23\bin\verify.dll
0x00007ffcbbde0000 - 0x00007ffcbbf2d000 	C:\WINDOWS\SYSTEM32\textinputframework.dll
0x00007ffce1a60000 - 0x00007ffce1b86000 	C:\WINDOWS\SYSTEM32\CoreMessaging.dll
0x00007ffcdf6e0000 - 0x00007ffcdf9c3000 	C:\WINDOWS\SYSTEM32\CoreUIComponents.dll
0x00007ffce7030000 - 0x00007ffce70d8000 	C:\WINDOWS\System32\clbcatq.dll
0x00007ffce1ce0000 - 0x00007ffce1f1a000 	C:\WINDOWS\SYSTEM32\WindowsCodecs.dll
0x00007ffcbc280000 - 0x00007ffcbc2da000 	C:\WINDOWS\system32\dataexchange.dll
0x00007ffcdb020000 - 0x00007ffcdb25c000 	C:\WINDOWS\system32\twinapi.appcore.dll
0x00007ffcc90d0000 - 0x00007ffcc9184000 	C:\WINDOWS\WinSxS\amd64_microsoft.windows.common-controls_6595b64144ccf1df_5.82.26100.1882_none_87f34cef7a28f535\comctl32.dll

dbghelp: loaded successfully - version: 4.0.5 - missing functions: none
symbol engine: initialized successfully - sym options: 0x614 - pdb path: .;C:\Program Files\Java\jdk-23\bin;C:\WINDOWS\SYSTEM32;C:\WINDOWS\WinSxS\amd64_microsoft.windows.common-controls_6595b64144ccf1df_6.0.26100.3912_none_3e07963ce335137e;C:\Program Files\Java\jdk-23\bin\server;C:\WINDOWS\System32\DriverStore\FileRepository\u0397626.inf_amd64_ad02490a66f8af57\B397584;C:\WINDOWS\WinSxS\amd64_microsoft.windows.common-controls_6595b64144ccf1df_5.82.26100.1882_none_87f34cef7a28f535

VM Arguments:
jvm_args: --enable-preview 
java_command: vista.Principal
java_class_path (initial): C:\Users\Personal\Documents\NetBeansProjects\CarpinteriaNuevo5\target\classes;C:\Users\Personal\.m2\repository\AbsoluteLayout\AbsoluteLayout\1.0\AbsoluteLayout-1.0.jar;C:\Users\Personal\.m2\repository\org\springframework\security\spring-security-core\5.8.4\spring-security-core-5.8.4.jar;C:\Users\Personal\.m2\repository\org\springframework\security\spring-security-crypto\5.8.4\spring-security-crypto-5.8.4.jar;C:\Users\Personal\.m2\repository\org\springframework\spring-aop\5.3.28\spring-aop-5.3.28.jar;C:\Users\Personal\.m2\repository\org\springframework\spring-beans\5.3.28\spring-beans-5.3.28.jar;C:\Users\Personal\.m2\repository\org\springframework\spring-context\5.3.28\spring-context-5.3.28.jar;C:\Users\Personal\.m2\repository\org\springframework\spring-core\5.3.28\spring-core-5.3.28.jar;C:\Users\Personal\.m2\repository\org\springframework\spring-jcl\5.3.28\spring-jcl-5.3.28.jar;C:\Users\Personal\.m2\repository\org\springframework\spring-expression\5.3.28\spring-expression-5.3.28.jar;C:\Users\Personal\.m2\repository\mysql-connector-j-9\2\0\mysql-connector-j-9.2.0\9.2.0\mysql-connector-j-9.2.0-9.2.0.jar;C:\Users\Personal\.m2\repository\NefAnimacion_V2\1_jdk18\NefAnimacion_V2.1_jdk18\2.1\NefAnimacion_V2.1_jdk18-2.1.jar;C:\Users\Personal\.m2\repository\RojeruSan\lib\RojeruSan.lib\1.0\RojeruSan.lib-1.0.jar;C:\Users\Personal\.m2\repository\com\surelogic\promises\4.0.3\promises-4.0.3.jar;C:\Users\Personal\.m2\repository\RojeruSan\parte1\RojeruSan.parte1\1.0\RojeruSan.parte1-1.0.jar;C:\Users\Personal\.m2\repository\RSMaterialComponents_3\0\RSMaterialComponents_3.0\3.0\RSMaterialComponents_3.0-3.0.jar;C:\Users\Personal\.m2\repository\javax\mail\javax.mail\1.6.2\javax.mail-1.6.2.jar;C:\Users\Personal\.m2\repository\javax\activation\activation\1.1\activation-1.1.jar;C:\Users\Personal\.m2\repository\KGradientPanel\KGradientPanel\1.0.2\KGradientPanel-1.0.2.jar;C:\Users\Personal\.m2\repository\com\toedter\jcalendar\1.4\jcalendar-1.4.jar;C:\Users\Personal\.m2\repository\unknown\binary\RojeruSan.full_9.6\SNAPSHOT\RojeruSan.full_9.6-SNAPSHOT.jar;C:\Users\Personal\.m2\repository\unknown\binary\RojeruSan.full\SNAPSHOT\RojeruSan.full-SNAPSHOT.jar;C:\Users\Personal\.m2\repository\unknown\binary\RSCustomPopuMenu\SNAPSHOT\RSCustomPopuMenu-SNAPSHOT.jar;C:\Users\Personal\.m2\repository\org\openurp\hr\openurp-hr-api\0.20.4\openurp-hr-api-0.20.4.jar;C:\Users\Personal\.m2\repository\org\openurp\base\openurp-base-api\0.20.4\openurp-base-api-0.20.4.jar;C:\Users\Personal\.m2\repository\org\openurp\code\openurp-code-api\0.20.4\openurp-code-api-0.20.4.jar;C:\Users\Personal\.m2\repository\org\slf4j\slf4j-api\2.0.0-alpha1\slf4j-api-2.0.0-alpha1.jar;C:\Users\Personal\.m2\repository\ch\qos\logback\logback-core\1.3.0-alpha5\logback-core-1.3.0-alpha5.jar;C:\Users\Personal\.m2\repository\edu\washington\cs\types\checker\checker-framework\1.7.0\checker-framework-1.7.0.jar;C:\Users\Personal\.m2\repository\ch\qos\logback\logback-classic\1.3.0-alpha5\logback-classic-1.3.0-alpha5.jar;C:\Users\Personal\.m2\repository\com\sun\mail\javax.mail\1.6.2\javax.mail-1.6.2.jar;C:\Users\Personal\.m2\repository\org\scala-lang\modules\scala-xml_2.13\2.0.0-M3\scala-xml_2.13-2.0.0-M3.jar;C:\Users\Personal\.m2\repository\org\beangle\data\beangle-data-orm_2.13\5.3.17\beangle-data-orm_2.13-5.3.17.jar;C:\Users\Personal\.m2\repository\org\beangle\commons\beangle-commons-text_2.13\5.2.1\beangle-commons-text_2.13-5.2.1.jar;C:\Users\Personal\.m2\repository\org\beangle\data\beangle-data-model_2.13\5.3.17\beangle-data-model_2.13-5.3.17.jar;C:\Users\Personal\.m2\repository\org\beangle\data\beangle-data-jdbc_2.13\5.3.17\beangle-data-jdbc_2.13-5.3.17.jar;C:\Users\Personal\.m2\repository\org\javassist\javassist\3.27.0-GA\javassist-3.27.0-GA.jar;C:\Users\Personal\.m2\repository\javax\persistence\javax.persistence-api\2.2\javax.persistence-api-2.2.jar;C:\Users\Personal\.m2\repository\org\beangle\commons\beangle-commons-core_2.13\5.2.1\beangle-commons-core_2.13-5.2.1.jar;C:\Users\Personal\.m2\repository\org\scala-lang\scala-library\2.13.4\scala-library-2.13.4.jar;C:\Users\Personal\.m2\repository\org\scala-lang\scala-reflect\2.13.4\scala-reflect-2.13.4.jar;C:\Users\Personal\.m2\repository\org\openurp\people\contact\openurp-people-contact-api\0.5.2\openurp-people-contact-api-0.5.2.jar;C:\Users\Personal\.m2\repository\org\openurp\people\base\openurp-people-base-api\0.5.2\openurp-people-base-api-0.5.2.jar;C:\Users\Personal\.m2\repository\org\openurp\code\openurp-code-person\0.5.2\openurp-code-person-0.5.2.jar;C:\Users\Personal\.m2\repository\org\openurp\code\openurp-code-geo\0.5.2\openurp-code-geo-0.5.2.jar;C:\Users\Personal\.m2\repository\org\openurp\code\openurp-code-job\0.5.2\openurp-code-job-0.5.2.jar;C:\Users\Personal\.m2\repository\org\openurp\code\openurp-code-edu\0.5.2\openurp-code-edu-0.5.2.jar;C:\Users\Personal\.m2\repository\org\beangle\data\beangle-data-orm_2.12\5.1.1\beangle-data-orm_2.12-5.1.1.jar;C:\Users\Personal\.m2\repository\org\beangle\commons\beangle-commons-text_2.12\5.1.3\beangle-commons-text_2.12-5.1.3.jar;C:\Users\Personal\.m2\repository\org\beangle\data\beangle-data-model_2.12\5.1.1\beangle-data-model_2.12-5.1.1.jar;C:\Users\Personal\.m2\repository\org\beangle\data\beangle-data-jdbc_2.12\5.1.1\beangle-data-jdbc_2.12-5.1.1.jar;C:\Users\Personal\.m2\repository\org\beangle\commons\beangle-commons-core_2.12\5.1.3\beangle-commons-core_2.12-5.1.3.jar;C:\Users\Personal\.m2\repository\unknown\binary\RojeruSan.full_9.4\SNAPSHOT\RojeruSan.full_9.4-SNAPSHOT.jar;C:\Users\Personal\.m2\repository\com\twelvemonkeys\imageio\imageio-webp\3.8.2\imageio-webp-3.8.2.jar;C:\Users\Personal\.m2\repository\com\twelvemonkeys\imageio\imageio-core\3.8.2\imageio-core-3.8.2.jar;C:\Users\Personal\.m2\repository\com\twelvemonkeys\imageio\imageio-metadata\3.8.2\imageio-metadata-3.8.2.jar;C:\Users\Personal\.m2\repository\com\twelvemonkeys\common\common-lang\3.8.2\common-lang-3.8.2.jar;C:\Users\Personal\.m2\repository\com\twelvemonkeys\common\common-io\3.8.2\common-io-3.8.2.jar;C:\Users\Personal\.m2\repository\com\twelvemonkeys\common\common-image\3.8.2\common-image-3.8.2.jar;C:\Users\Personal\.m2\repository\LIB_IDETS\LIB_IDETS\1.0.2\LIB_IDETS-1.0.2.jar;C:\Users\Personal\.m2\repository\org\apache\pdfbox\pdfbox\2.0.27\pdfbox-2.0.27.jar;C:\Users\Personal\.m2\repository\org\apache\pdfbox\fontbox\2.0.27\fontbox-2.0.27.jar;C:\Users\Personal\.m2\repository\commons-logging\commons-logging\1.2\commons-logging-1.2.jar
Launcher Type: SUN_STANDARD

[Global flags]
     intx CICompilerCount                          = 4                                         {product} {ergonomic}
     uint ConcGCThreads                            = 3                                         {product} {ergonomic}
     uint G1ConcRefinementThreads                  = 10                                        {product} {ergonomic}
   size_t G1HeapRegionSize                         = 2097152                                   {product} {ergonomic}
   size_t InitialHeapSize                          = 257949696                                 {product} {ergonomic}
   size_t MarkStackSize                            = 4194304                                   {product} {ergonomic}
   size_t MarkStackSizeMax                         = 536870912                                 {product} {ergonomic}
   size_t MaxHeapSize                              = 4114612224                                {product} {ergonomic}
   size_t MaxNewSize                               = 2468347904                                {product} {ergonomic}
   size_t MinHeapDeltaBytes                        = 2097152                                   {product} {ergonomic}
   size_t MinHeapSize                              = 8388608                                   {product} {ergonomic}
    uintx NonNMethodCodeHeapSize                   = 5832704                                {pd product} {ergonomic}
    uintx NonProfiledCodeHeapSize                  = 122945536                              {pd product} {ergonomic}
    uintx ProfiledCodeHeapSize                     = 122880000                              {pd product} {ergonomic}
    uintx ReservedCodeCacheSize                    = 251658240                              {pd product} {ergonomic}
     bool SegmentedCodeCache                       = true                                      {product} {ergonomic}
   size_t SoftMaxHeapSize                          = 4114612224                             {manageable} {ergonomic}
     bool UseCompressedOops                        = true                           {product lp64_product} {ergonomic}
     bool UseG1GC                                  = true                                      {product} {ergonomic}
     bool UseLargePagesIndividualAllocation        = false                                  {pd product} {ergonomic}

Logging:
Log output configuration:
 #0: stdout all=warning uptime,level,tags foldmultilines=false
 #1: stderr all=off uptime,level,tags foldmultilines=false

Environment Variables:
JAVA_HOME=C:\Program Files\Java\jdk-23
PATH=C:\Program Files\Common Files\Oracle\Java\javapath;C:\WINDOWS\system32;C:\WINDOWS;C:\WINDOWS\System32\Wbem;C:\WINDOWS\System32\WindowsPowerShell\v1.0\;C:\WINDOWS\System32\OpenSSH\;C:\Program Files\dotnet\;C:\Program Files\Git\cmd;C:\Program Files\nodejs\;C:\Program Files\MySQL\MySQL Shell 8.0\bin\;C:\Users\Personal\AppData\Local\Microsoft\WindowsApps;C:\Users\Personal\AppData\Local\Programs\Microsoft VS Code\bin;C:\Users\Personal\AppData\Roaming\npm;
USERNAME=Personal
OS=Windows_NT
PROCESSOR_IDENTIFIER=AMD64 Family 25 Model 68 Stepping 1, AuthenticAMD
TMP=C:\Users\Personal\AppData\Local\Temp
TEMP=C:\Users\Personal\AppData\Local\Temp




Periodic native trim disabled

---------------  S Y S T E M  ---------------

OS:
 Windows 11 , 64 bit Build 26100 (10.0.26100.3912)
OS uptime: 2 days 17:33 hours

CPU: total 12 (initial active 12) (12 cores per cpu, 2 threads per core) family 25 model 68 stepping 1 microcode 0xa404107, cx8, cmov, fxsr, ht, mmx, 3dnowpref, sse, sse2, sse3, ssse3, sse4a, sse4.1, sse4.2, popcnt, lzcnt, tsc, tscinvbit, avx, avx2, aes, erms, clmul, bmi1, bmi2, adx, sha, fma, vzeroupper, clflush, clflushopt, rdtscp, rdpid, fsrm, f16c, pku, cet_ss
Processor Information for the first 12 processors :
  Max Mhz: 3301, Current Mhz: 3301, Mhz Limit: 3301

Memory: 4k page, system-wide physical 15690M (3131M free)
TotalPageFile size 36170M (AvailPageFile size 12020M)
current process WorkingSet (physical memory assigned to process): 233M, peak: 421M
current process commit charge ("private bytes"): 324M, peak: 540M

vm_info: Java HotSpot(TM) 64-Bit Server VM (23.0.2+7-58) for windows-amd64 JRE (23.0.2+7-58), built on 2024-11-29T09:34:55Z with MS VC++ 17.6 (VS2022)

END.
