#
# A fatal error has been detected by the Java Runtime Environment:
#
#  EXCEPTION_ACCESS_VIOLATION (0xc0000005) at pc=0x00007ffc488dbdf1, pid=18040, tid=2996
#
# JRE version: Java(TM) SE Runtime Environment (23.0.2+7) (build 23.0.2+7-58)
# Java VM: Java HotSpot(TM) 64-Bit Server VM (23.0.2+7-58, mixed mode, sharing, tiered, compressed oops, compressed class ptrs, g1 gc, windows-amd64)
# Problematic frame:
# C  [awt.dll+0xdbdf1]
#
# No core dump will be written. Minidumps are not enabled by default on client versions of Windows
#
# If you would like to submit a bug report, please visit:
#   https://bugreport.java.com/bugreport/crash.jsp
# The crash happened outside the Java Virtual Machine in native code.
# See problematic frame for where to report the bug.
#

---------------  S U M M A R Y ------------

Command Line: --enable-preview vista.Principal

Host: Intel(R) Core(TM) i7-9700 CPU @ 3.00GHz, 8 cores, 31G,  Windows 11 , 64 bit Build 26100 (10.0.26100.3775)
Time: Mon Apr 21 08:35:03 2025 Hora est. Pacífico, Sudamérica elapsed time: 693.846837 seconds (0d 0h 11m 33s)

---------------  T H R E A D  ---------------

Current thread (0x000001ca3825afc0):  JavaThread "AWT-Windows" daemon [_thread_in_native, id=2996, stack(0x0000003cc2400000,0x0000003cc2500000) (1024K)]

Stack: [0x0000003cc2400000,0x0000003cc2500000],  sp=0x0000003cc24fe990,  free space=1018k
Native frames: (J=compiled Java code, j=interpreted, Vv=VM code, C=native code)
C  [awt.dll+0xdbdf1]  (no source info available)
C  [awt.dll+0x9782c]  (no source info available)
C  [awt.dll+0x978d6]  (no source info available)
C  [awt.dll+0x94ca6]  (no source info available)
C  [awt.dll+0xe0f7c]  (no source info available)
C  [awt.dll+0xb0d2d]  (no source info available)
C  [awt.dll+0x97e0d]  (no source info available)
C  [USER32.dll+0xb643]  (no source info available)
C  [USER32.dll+0xaf5c]  (no source info available)
C  [awt.dll+0x161c3]  (no source info available)
C  [COMCTL32.dll+0x24d18]  (no source info available)
C  [COMCTL32.dll+0x24aef]  (no source info available)
C  [USER32.dll+0xb643]  (no source info available)
C  [USER32.dll+0x91cd]  (no source info available)
C  [awt.dll+0xd52fe]  (no source info available)
C  [awt.dll+0xd7232]  (no source info available)
C  0x000001ca23a8d207  (no source info available)

The last pc belongs to native method entry point (kind = native) (printed below).
Java frames: (J=compiled Java code, j=interpreted, Vv=VM code)
j  sun.awt.windows.WToolkit.eventLoop()V+0 java.desktop@23.0.2
j  sun.awt.windows.WToolkit.run()V+50 java.desktop@23.0.2
j  java.lang.Thread.runWith(Ljava/lang/Object;Ljava/lang/Runnable;)V+5 java.base@23.0.2
j  java.lang.Thread.run()V+19 java.base@23.0.2
v  ~StubRoutines::call_stub 0x000001ca23a80fcd

siginfo: EXCEPTION_ACCESS_VIOLATION (0xc0000005), reading address 0x0000000000000008


Registers:
RAX=0x0000000000000000, RBX=0x000001ca00e0b920, RCX=0x0000000000000000, RDX=0x0000000000000000
RSP=0x0000003cc24fe990, RBP=0x0000003cc24fea99, RSI=0x0000000047010cb4, RDI=0x0000000000000000
R8 =0x0000000000000001, R9 =0x0000003cc0a84000, R10=0x0000000000000000, R11=0x0000000000000246
R12=0x0000000000000000, R13=0x0000000000000310, R14=0x0000000000000000, R15=0x0000000000000000
RIP=0x00007ffc488dbdf1, EFLAGS=0x0000000000010246


Register to memory mapping:

RAX=0x0 is null
RBX=0x000001ca00e0b920 points into unknown readable memory: 0x000001ca7f972e40 | 40 2e 97 7f ca 01 00 00
RCX=0x0 is null
RDX=0x0 is null
RSP=0x0000003cc24fe990 is pointing into the stack for thread: 0x000001ca3825afc0
RBP=0x0000003cc24fea99 is pointing into the stack for thread: 0x000001ca3825afc0
RSI=0x0000000047010cb4 is an unknown value
RDI=0x0 is null
R8 =0x0000000000000001 is an unknown value
R9 =0x0000003cc0a84000 points into unknown readable memory: 0x0000000000000000 | 00 00 00 00 00 00 00 00
R10=0x0 is null
R11=0x0000000000000246 is an unknown value
R12=0x0 is null
R13=0x0000000000000310 is an unknown value
R14=0x0 is null
R15=0x0 is null

Top of Stack: (sp=0x0000003cc24fe990)
0x0000003cc24fe990:   00007ffc48939838 0000000047010cb4
0x0000003cc24fe9a0:   0000000000000000 0000000000000000
0x0000003cc24fe9b0:   0000000000000000 00007ffc4889782c
0x0000003cc24fe9c0:   0000000047010cb4 000001ca7edb18a0
0x0000003cc24fe9d0:   000001ca00e0b920 0000003cc24fed08
0x0000003cc24fe9e0:   0000000000000000 00007ffc488978d6
0x0000003cc24fe9f0:   000001ca7edb18a0 00007ffc48800000
0x0000003cc24fea00:   0000003cc24feaf8 00007ffcc0334d18
0x0000003cc24fea10:   0000000000000000 00007ffc48894ca6
0x0000003cc24fea20:   000001ca7edb18a0 0000000000000000
0x0000003cc24fea30:   00007ffc48897db0 00007ffcddd3a05e
0x0000003cc24fea40:   0000000000000001 00007ffcdc1c27a9
0x0000003cc24fea50:   0000003cc24feaf0 0000000000000001
0x0000003cc24fea60:   0000000000000000 0000003cc24feaf8
0x0000003cc24fea70:   0000000000000000 0000000000000000
0x0000003cc24fea80:   0000000000000000 000001ca3825b380
0x0000003cc24fea90:   000001ca7edb1940 0000000000000000
0x0000003cc24feaa0:   0000000000000000 00000de8a6466cc2
0x0000003cc24feab0:   0000000000000000 0000000000000000
0x0000003cc24feac0:   0000000000000000 0000000000000000
0x0000003cc24fead0:   0000000000000000 0000000000000310
0x0000003cc24feae0:   0000000000000000 000001ca7edb18a0
0x0000003cc24feaf0:   000001ca7edb18a0 00007ffc488e0f7c
0x0000003cc24feb00:   0000000000000000 0000176e11d79ebe
0x0000003cc24feb10:   00002133f6acbe31 000000000000c1ac
0x0000003cc24feb20:   0000000000000001 0000000000000022
0x0000003cc24feb30:   0000000000000000 00007ffcdc18b706
0x0000003cc24feb40:   0000000000000022 0000000000020996
0x0000003cc24feb50:   000000000000c1ac 00007ffcddd1909f
0x0000003cc24feb60:   0000000000020996 00007ffcdc1a88ea
0x0000003cc24feb70:   ffffffffffffffeb 00000de8a6466de2
0x0000003cc24feb80:   000001ca1213dde0 0000000000000000 

Instructions: (pc=0x00007ffc488dbdf1)
0x00007ffc488dbcf1:   83 ec 28 66 0f 6e c2 0f 5b c0 f3 0f 59 41 48 0f
0x00007ffc488dbd01:   5a c8 f2 0f 10 05 cd 4e 03 00 f2 0f 5c 0d f5 4e
0x00007ffc488dbd11:   01 00 66 0f 2f c1 76 0a b8 00 00 00 80 48 83 c4
0x00007ffc488dbd21:   28 c3 66 0f 2f 0d 75 98 02 00 76 0a b8 ff ff ff
0x00007ffc488dbd31:   7f 48 83 c4 28 c3 0f 28 c1 e8 af 0e 01 00 f2 0f
0x00007ffc488dbd41:   2c c0 48 83 c4 28 c3 cc cc cc cc cc cc cc cc 48
0x00007ffc488dbd51:   83 ec 28 66 0f 6e c2 0f 5b c0 f3 0f 59 41 4c 0f
0x00007ffc488dbd61:   5a c8 f2 0f 10 05 6d 4e 03 00 f2 0f 5c 0d 95 4e
0x00007ffc488dbd71:   01 00 66 0f 2f c1 76 0a b8 00 00 00 80 48 83 c4
0x00007ffc488dbd81:   28 c3 66 0f 2f 0d 15 98 02 00 76 0a b8 ff ff ff
0x00007ffc488dbd91:   7f 48 83 c4 28 c3 0f 28 c1 e8 4f 0e 01 00 f2 0f
0x00007ffc488dbda1:   2c c0 48 83 c4 28 c3 cc cc cc cc cc cc cc cc 48
0x00007ffc488dbdb1:   8b 49 08 48 85 c9 0f 85 b3 7c fe ff 33 c0 c3 48
0x00007ffc488dbdc1:   89 5c 24 08 48 89 74 24 10 57 48 83 ec 20 8b fa
0x00007ffc488dbdd1:   48 8b f1 e8 c7 be f4 ff 48 8b d8 48 89 44 24 40
0x00007ffc488dbde1:   41 b8 01 00 00 00 8b d7 48 8b c8 e8 2f be f4 ff
0x00007ffc488dbdf1:   48 8b 48 08 48 85 c9 74 0d 48 8b d6 e8 6e 7c fe
0x00007ffc488dbe01:   ff 48 8b f8 eb 02 33 ff 48 8b cb e8 4f c0 f4 ff
0x00007ffc488dbe11:   90 48 8b c7 48 8b 5c 24 30 48 8b 74 24 38 48 83
0x00007ffc488dbe21:   c4 20 5f c3 cc cc cc cc cc cc cc cc cc cc cc 48
0x00007ffc488dbe31:   8b 01 89 10 c3 cc cc cc cc cc cc cc cc cc cc 40
0x00007ffc488dbe41:   57 48 83 ec 40 48 83 79 38 00 48 8b f9 0f 84 96
0x00007ffc488dbe51:   01 00 00 48 8b 0d c5 9f 06 00 ba 02 00 01 00 48
0x00007ffc488dbe61:   89 5c 24 58 48 89 74 24 68 e8 40 d8 00 00 4c 8b
0x00007ffc488dbe71:   05 22 a5 06 00 48 8b c8 48 8b 57 38 48 8b d8 4c
0x00007ffc488dbe81:   8b 08 41 ff 91 f8 02 00 00 48 8b f0 48 85 c0 0f
0x00007ffc488dbe91:   84 4a 01 00 00 4c 8b 0b 48 8b d0 4c 8b 05 e5 a4
0x00007ffc488dbea1:   06 00 48 8b cb 41 ff 91 00 01 00 00 84 c0 0f 84
0x00007ffc488dbeb1:   2b 01 00 00 48 8b 7f 08 48 8b d6 48 8b 03 48 8b
0x00007ffc488dbec1:   cb 4c 8b 05 d7 a4 06 00 48 81 c7 00 04 00 00 48
0x00007ffc488dbed1:   89 6c 24 60 4c 89 64 24 38 ff 90 f8 02 00 00 4c
0x00007ffc488dbee1:   8b 0b 48 8b d6 4c 8b 05 bb a4 06 00 48 8b cb 4c 


Stack slot to memory mapping:

stack at sp + 0 slots: 0x00007ffc48939838 awt.dll
stack at sp + 1 slots: 0x0000000047010cb4 is an unknown value
stack at sp + 2 slots: 0x0 is null
stack at sp + 3 slots: 0x0 is null
stack at sp + 4 slots: 0x0 is null
stack at sp + 5 slots: 0x00007ffc4889782c awt.dll
stack at sp + 6 slots: 0x0000000047010cb4 is an unknown value
stack at sp + 7 slots: 0x000001ca7edb18a0 points into unknown readable memory: 0x00007ffc4890c860 | 60 c8 90 48 fc 7f 00 00

Lock stack of current Java thread (top to bottom):

native method entry point (kind = native)  [0x000001ca23a8cde0, 0x000001ca23a8d938]  2904 bytes
[MachCode]
  0x000001ca23a8cde0: 488b 4b08 | 0fb7 492e | 584c 8d74 | ccf8 6800 | 0000 0068 | 0000 0000 | 5055 488b | ec41 5568 
  0x000001ca23a8ce00: 0000 0000 | 4c8b 6b08 | 4d8d 6d38 | 5348 8b53 | 0848 8b52 | 0848 8b52 | 1848 8b52 | 7048 8b12 
  0x000001ca23a8ce20: 5248 8b53 | 1048 85d2 | 0f84 0700 | 0000 4881 | c210 0100 | 0052 488b | 5308 488b | 5208 488b 
  0x000001ca23a8ce40: 5210 5249 | 8bc6 482b | c548 c1e8 | 0350 6800 | 0000 0068 | f7ff ffff | 41c6 8771 | 0400 0001 
  0x000001ca23a8ce60: 488b 4310 | 4885 c074 | 208b 88cc | 0000 0083 | c102 8988 | cc00 0000 | 2388 e000 | 0000 0f84 
  0x000001ca23a8ce80: 000a 0000 | e9cf 0000 | 0048 8b43 | 1848 85c0 | 0f85 b000 | 0000 e805 | 0000 00e9 | 9900 0000 
  0x000001ca23a8cea0: 488b d348 | 8d44 2408 | 4c89 6dc0 | 498b cfc5 | f877 4989 | afb0 0300 | 0049 8987 | a003 0000 
  0x000001ca23a8cec0: 4883 ec20 | 40f6 c40f | 0f84 1900 | 0000 4883 | ec08 48b8 | 8028 e348 | fc7f 0000 | ffd0 4883 
  0x000001ca23a8cee0: c408 e90c | 0000 0048 | b880 28e3 | 48fc 7f00 | 00ff d048 | 83c4 2049 | c787 a003 | 0000 0000 
  0x000001ca23a8cf00: 0000 49c7 | 87b0 0300 | 0000 0000 | 0049 c787 | a803 0000 | 0000 0000 | c5f8 7749 | 837f 0800 
  0x000001ca23a8cf20: 0f84 0500 | 0000 e995 | 3fff ff4c | 8b6d c04c | 8b75 c84e | 8d74 f500 | c348 8b43 | 1848 85c0 
  0x000001ca23a8cf40: 0f84 1200 | 0000 8b48 | 0883 c102 | 8948 0823 | 481c 0f84 | 2c09 0000 | 493b a7e8 | 0400 000f 
  0x000001ca23a8cf60: 8748 0000 | 0089 8424 | 00f0 ffff | 8984 2400 | e0ff ff89 | 8424 00d0 | ffff 8984 | 2400 c0ff 
  0x000001ca23a8cf80: ff89 8424 | 00b0 ffff | 8984 2400 | a0ff ff89 | 8424 0090 | ffff 8984 | 2400 80ff | ff49 3ba7 
  0x000001ca23a8cfa0: e004 0000 | 7607 4989 | a7e8 0400 | 0041 c687 | 7104 0000 | 0049 ba41 | bd6a 49fc | 7f00 0041 
  0x000001ca23a8cfc0: 803a 000f | 843e 0000 | 0048 8b55 | e849 8bcf | 4883 ec20 | 40f6 c40f | 0f84 1900 | 0000 4883 
  0x000001ca23a8cfe0: ec08 48b8 | f0f0 1a49 | fc7f 0000 | ffd0 4883 | c408 e90c | 0000 0048 | b8f0 f01a | 49fc 7f00 
  0x000001ca23a8d000: 00ff d048 | 83c4 2048 | 8b5d e84c | 8b5b 0845 | 0fb7 5b2e | 41c1 e303 | 492b e348 | 83ec 2048 
  0x000001ca23a8d020: 83e4 f04c | 8b5b 604d | 85db 0f85 | ab00 0000 | e805 0000 | 00e9 9900 | 0000 488b | d348 8d44 
  0x000001ca23a8d040: 2408 4c89 | 6dc0 498b | cfc5 f877 | 4989 afb0 | 0300 0049 | 8987 a003 | 0000 4883 | ec20 40f6 
  0x000001ca23a8d060: c40f 0f84 | 1900 0000 | 4883 ec08 | 48b8 e04f | e348 fc7f | 0000 ffd0 | 4883 c408 | e90c 0000 
  0x000001ca23a8d080: 0048 b8e0 | 4fe3 48fc | 7f00 00ff | d048 83c4 | 2049 c787 | a003 0000 | 0000 0000 | 49c7 87b0 
  0x000001ca23a8d0a0: 0300 0000 | 0000 0049 | c787 a803 | 0000 0000 | 0000 c5f8 | 7749 837f | 0800 0f84 | 0500 0000 
  0x000001ca23a8d0c0: e9fb 3dff | ff4c 8b6d | c04c 8b75 | c84e 8d74 | f500 c348 | 8b5d e84c | 8b5b 6041 | ffd3 488b 
  0x000001ca23a8d0e0: 5de8 4889 | 4518 448b | 5b28 41f6 | c308 0f84 | 1b00 0000 | 4c8b 5b08 | 4d8b 5b08 | 4d8b 5b18 
  0x000001ca23a8d100: 4d8b 5b70 | 4d8b 1b4c | 895d 1048 | 8d55 1048 | 8b43 5849 | ba40 3f1b | 49fc 7f00 | 0049 3bc2 
  0x000001ca23a8d120: 0f85 ab00 | 0000 e805 | 0000 00e9 | 9900 0000 | 488b d348 | 8d44 2408 | 4c89 6dc0 | 498b cfc5 
  0x000001ca23a8d140: f877 4989 | afb0 0300 | 0049 8987 | a003 0000 | 4883 ec20 | 40f6 c40f | 0f84 1900 | 0000 4883 
  0x000001ca23a8d160: ec08 48b8 | e04f e348 | fc7f 0000 | ffd0 4883 | c408 e90c | 0000 0048 | b8e0 4fe3 | 48fc 7f00 
  0x000001ca23a8d180: 00ff d048 | 83c4 2049 | c787 a003 | 0000 0000 | 0000 49c7 | 87b0 0300 | 0000 0000 | 0049 c787 
  0x000001ca23a8d1a0: a803 0000 | 0000 0000 | c5f8 7749 | 837f 0800 | 0f84 0500 | 0000 e905 | 3dff ff4c | 8b6d c04c 
  0x000001ca23a8d1c0: 8b75 c84e | 8d74 f500 | c348 8b5d | e848 8b43 | 5849 8d8f | c003 0000 | c5f8 7749 | 89af b003 
  0x000001ca23a8d1e0: 0000 49ba | d8d1 a823 | ca01 0000 | 4d89 97a8 | 0300 0049 | 89a7 a003 | 0000 41c7 | 8744 0400 
  0x000001ca23a8d200: 0004 0000 | 00ff d0c5 | f877 4883 | ec10 c5fb | 1104 2448 | 83ec 1048 | 8904 2448 | c744 2408 
  0x000001ca23a8d220: 0000 0000 | 41c7 8744 | 0400 0005 | 0000 00f0 | 8344 24c0 | 0049 3baf | 4804 0000 | 0f87 0e00 
  0x000001ca23a8d240: 0000 4183 | bf40 0400 | 0000 0f84 | 2000 0000 | 498b cf4c | 8be4 4883 | ec20 4883 | e4f0 48b8 
  0x000001ca23a8d260: 80ab e448 | fc7f 0000 | ffd0 498b | e44d 33e4 | 41c7 8744 | 0400 0008 | 0000 0049 | c787 a003 
  0x000001ca23a8d280: 0000 0000 | 0000 49c7 | 87b0 0300 | 0000 0000 | 0049 c787 | a803 0000 | 0000 0000 | c5f8 774d 
  0x000001ca23a8d2a0: 8b9f 3004 | 0000 41c7 | 8300 0100 | 0000 0000 | 0049 bbda | a5a8 23ca | 0100 004c | 3b5d 180f 
  0x000001ca23a8d2c0: 8524 0200 | 0048 8b04 | 2448 83c4 | 1048 85c0 | 0f84 fe01 | 0000 a803 | 0f85 0800 | 0000 488b 
  0x000001ca23a8d2e0: 00e9 ee01 | 0000 a801 | 0f85 0900 | 0000 488b | 40fe e9dd | 0100 0048 | 8b40 ff41 | 807f 3800 
  0x000001ca23a8d300: 0f84 ce01 | 0000 4883 | f800 0f84 | c401 0000 | 4d8b 5f28 | 4983 fb00 | 0f84 1400 | 0000 4983 
  0x000001ca23a8d320: eb08 4d89 | 5f28 4d03 | 5f30 4989 | 03e9 a201 | 0000 4881 | ecd0 0000 | 0048 8904 | 2448 894c 
  0x000001ca23a8d340: 2408 4889 | 5424 1048 | 8974 2418 | 4889 7c24 | 204c 8944 | 2428 4c89 | 4c24 304c | 8954 2438 
  0x000001ca23a8d360: 4c89 5c24 | 40c5 fb11 | 4424 50c5 | fb11 4c24 | 58c5 fb11 | 5424 60c5 | fb11 5c24 | 68c5 fb11 
  0x000001ca23a8d380: 6424 70c5 | fb11 6c24 | 78c5 fb11 | b424 8000 | 0000 c5fb | 11bc 2488 | 0000 00c5 | 7b11 8424 
  0x000001ca23a8d3a0: 9000 0000 | c57b 118c | 2498 0000 | 00c5 7b11 | 9424 a000 | 0000 c57b | 119c 24a8 | 0000 00c5 
  0x000001ca23a8d3c0: 7b11 a424 | b000 0000 | c57b 11ac | 24b8 0000 | 00c5 7b11 | b424 c000 | 0000 c57b | 11bc 24c8 
  0x000001ca23a8d3e0: 0000 0049 | 8bd7 488b | c848 83ec | 2040 f6c4 | 0f0f 8419 | 0000 0048 | 83ec 0848 | b800 09d8 
  0x000001ca23a8d400: 48fc 7f00 | 00ff d048 | 83c4 08e9 | 0c00 0000 | 48b8 0009 | d848 fc7f | 0000 ffd0 | 4883 c420 
  0x000001ca23a8d420: c57b 10bc | 24c8 0000 | 00c5 7b10 | b424 c000 | 0000 c57b | 10ac 24b8 | 0000 00c5 | 7b10 a424 
  0x000001ca23a8d440: b000 0000 | c57b 109c | 24a8 0000 | 00c5 7b10 | 9424 a000 | 0000 c57b | 108c 2498 | 0000 00c5 
  0x000001ca23a8d460: 7b10 8424 | 9000 0000 | c5fb 10bc | 2488 0000 | 00c5 fb10 | b424 8000 | 0000 c5fb | 106c 2478 
  0x000001ca23a8d480: c5fb 1064 | 2470 c5fb | 105c 2468 | c5fb 1054 | 2460 c5fb | 104c 2458 | c5fb 1044 | 2450 4c8b 
  0x000001ca23a8d4a0: 5c24 404c | 8b54 2438 | 4c8b 4c24 | 304c 8b44 | 2428 488b | 7c24 2048 | 8b74 2418 | 488b 5424 
  0x000001ca23a8d4c0: 1048 8b4c | 2408 488b | 0424 4881 | c4d0 0000 | 00c5 f877 | 4889 4510 | 4883 ec10 | 4889 0424 
  0x000001ca23a8d4e0: 48c7 4424 | 0800 0000 | 0041 83bf | c804 0000 | 020f 85bf | 0000 0048 | 81ec 8000 | 0000 4889 
  0x000001ca23a8d500: 4424 7848 | 894c 2470 | 4889 5424 | 6848 895c | 2460 4889 | 6c24 5048 | 8974 2448 | 4889 7c24 
  0x000001ca23a8d520: 404c 8944 | 2438 4c89 | 4c24 304c | 8954 2428 | 4c89 5c24 | 204c 8964 | 2418 4c89 | 6c24 104c 
  0x000001ca23a8d540: 8974 2408 | 4c89 3c24 | 4c8b e448 | 83ec 2048 | 83e4 f048 | b8a0 251b | 49fc 7f00 | 00ff d049 
  0x000001ca23a8d560: 8be4 4c8b | 3c24 4c8b | 7424 084c | 8b6c 2410 | 4c8b 6424 | 184c 8b5c | 2420 4c8b | 5424 284c 
  0x000001ca23a8d580: 8b4c 2430 | 4c8b 4424 | 3848 8b7c | 2440 488b | 7424 4848 | 8b6c 2450 | 488b 5c24 | 6048 8b54 
  0x000001ca23a8d5a0: 2468 488b | 4c24 7048 | 8b44 2478 | 4881 c480 | 0000 004d | 33e4 488b | 5de8 4c8b | 6b08 4d8d 
  0x000001ca23a8d5c0: 6d38 4983 | 7f08 000f | 84bb 0000 | 00e8 0500 | 0000 e996 | 0000 0048 | 8d44 2408 | 4c89 6dc0 
  0x000001ca23a8d5e0: 498b cfc5 | f877 4989 | afb0 0300 | 0049 8987 | a003 0000 | 4883 ec20 | 40f6 c40f | 0f84 1900 
  0x000001ca23a8d600: 0000 4883 | ec08 48b8 | f06d e348 | fc7f 0000 | ffd0 4883 | c408 e90c | 0000 0048 | b8f0 6de3 
  0x000001ca23a8d620: 48fc 7f00 | 00ff d048 | 83c4 2049 | c787 a003 | 0000 0000 | 0000 49c7 | 87b0 0300 | 0000 0000 
  0x000001ca23a8d640: 0049 c787 | a803 0000 | 0000 0000 | c5f8 7749 | 837f 0800 | 0f84 0500 | 0000 e961 | 38ff ff4c 
  0x000001ca23a8d660: 8b6d c04c | 8b75 c84e | 8d74 f500 | c348 b940 | e542 49fc | 7f00 0048 | 83e4 f048 | b850 4d09 
  0x000001ca23a8d680: 49fc 7f00 | 00ff d0f4 | 448b 5b28 | 41f6 c320 | 0f84 7901 | 0000 488d | 55a8 4c8b | 5a08 4d85 
  0x000001ca23a8d6a0: db0f 85bb | 0000 00e8 | 0500 0000 | e996 0000 | 0048 8d44 | 2408 4c89 | 6dc0 498b | cfc5 f877 
  0x000001ca23a8d6c0: 4989 afb0 | 0300 0049 | 8987 a003 | 0000 4883 | ec20 40f6 | c40f 0f84 | 1900 0000 | 4883 ec08 
  0x000001ca23a8d6e0: 48b8 206d | e348 fc7f | 0000 ffd0 | 4883 c408 | e90c 0000 | 0048 b820 | 6de3 48fc | 7f00 00ff 
  0x000001ca23a8d700: d048 83c4 | 2049 c787 | a003 0000 | 0000 0000 | 49c7 87b0 | 0300 0000 | 0000 0049 | c787 a803 
  0x000001ca23a8d720: 0000 0000 | 0000 c5f8 | 7749 837f | 0800 0f84 | 0500 0000 | e987 37ff | ff4c 8b6d | c04c 8b75 
  0x000001ca23a8d740: c84e 8d74 | f500 c348 | b940 e542 | 49fc 7f00 | 0048 83e4 | f048 b850 | 4d09 49fc | 7f00 00ff 
  0x000001ca23a8d760: d0f4 4c89 | 6dc0 4c8b | 4a08 48c7 | 4208 0000 | 0000 458b | 8718 0600 | 004f 3b4c | 07f8 0f85 
  0x000001ca23a8d780: 4900 0000 | 4183 af18 | 0600 0008 | 4f3b 4c07 | f00f 842a | 0000 0049 | 8b01 a802 | 0f85 1200 
  0x000001ca23a8d7a0: 0000 4c8b | c049 83c8 | 01f0 4d0f | b101 0f84 | 0d00 0000 | 4183 8718 | 0600 0008 | e90c 0000 
  0x000001ca23a8d7c0: 0049 ff8f | 5005 0000 | e93e 0000 | 004c 894a | 0848 8bca | 4883 ec20 | 40f6 c40f | 0f84 1900 
  0x000001ca23a8d7e0: 0000 4883 | ec08 48b8 | e03f e348 | fc7f 0000 | ffd0 4883 | c408 e90c | 0000 0048 | b8e0 3fe3 
  0x000001ca23a8d800: 48fc 7f00 | 00ff d048 | 83c4 204c | 8b6d c049 | ba41 bd6a | 49fc 7f00 | 0041 803a | 000f 843e 
  0x000001ca23a8d820: 0000 0048 | 8b55 e849 | 8bcf 4883 | ec20 40f6 | c40f 0f84 | 1900 0000 | 4883 ec08 | 48b8 f0f0 
  0x000001ca23a8d840: 1a49 fc7f | 0000 ffd0 | 4883 c408 | e90c 0000 | 0048 b8f0 | f01a 49fc | 7f00 00ff | d048 83c4 
  0x000001ca23a8d860: 2048 8b04 | 2448 83c4 | 10c5 fb10 | 0424 4883 | c410 4c8b | 5d18 41ff | d34c 8b5d | f8c9 5f49 
  0x000001ca23a8d880: 8be3 ffe7 | ba00 0000 | 00e8 0500 | 0000 e996 | 0000 0048 | 8d44 2408 | 4c89 6dc0 | 498b cfc5 
  0x000001ca23a8d8a0: f877 4989 | afb0 0300 | 0049 8987 | a003 0000 | 4883 ec20 | 40f6 c40f | 0f84 1900 | 0000 4883 
  0x000001ca23a8d8c0: ec08 48b8 | 9033 e348 | fc7f 0000 | ffd0 4883 | c408 e90c | 0000 0048 | b890 33e3 | 48fc 7f00 
  0x000001ca23a8d8e0: 00ff d048 | 83c4 2049 | c787 a003 | 0000 0000 | 0000 49c7 | 87b0 0300 | 0000 0000 | 0049 c787 
  0x000001ca23a8d900: a803 0000 | 0000 0000 | c5f8 7749 | 837f 0800 | 0f84 0500 | 0000 e9a5 | 35ff ff4c | 8b6d c04c 
  0x000001ca23a8d920: 8b75 c84e | 8d74 f500 | c348 8b5d | e8e9 26f6 | ffff 660f | 1f44 0000 
[/MachCode]

---------------  P R O C E S S  ---------------

Threads class SMR info:
_java_thread_list=0x000001ca7f400a00, length=17, elements={
0x000001ca3824e8b0, 0x000001ca3824f510, 0x000001ca38255ed0, 0x000001ca38256b90,
0x000001ca38259160, 0x000001ca3825bce0, 0x000001ca38261190, 0x000001ca3825ef60,
0x000001ca3825a930, 0x000001ca3825a2a0, 0x000001ca3825d090, 0x000001ca38259c10,
0x000001ca3825afc0, 0x000001ca3825b650, 0x000001ca3825c370, 0x000001ca7efa0d00,
0x000001ca7ef9e5a0
}

Java Threads: ( => current thread )
  0x000001ca3824e8b0 JavaThread "Reference Handler"          daemon [_thread_blocked, id=6556, stack(0x0000003cc1800000,0x0000003cc1900000) (1024K)]
  0x000001ca3824f510 JavaThread "Finalizer"                  daemon [_thread_blocked, id=16628, stack(0x0000003cc1900000,0x0000003cc1a00000) (1024K)]
  0x000001ca38255ed0 JavaThread "Signal Dispatcher"          daemon [_thread_blocked, id=12856, stack(0x0000003cc1a00000,0x0000003cc1b00000) (1024K)]
  0x000001ca38256b90 JavaThread "Attach Listener"            daemon [_thread_blocked, id=14708, stack(0x0000003cc1b00000,0x0000003cc1c00000) (1024K)]
  0x000001ca38259160 JavaThread "Service Thread"             daemon [_thread_blocked, id=320, stack(0x0000003cc1c00000,0x0000003cc1d00000) (1024K)]
  0x000001ca3825bce0 JavaThread "Monitor Deflation Thread"   daemon [_thread_blocked, id=17584, stack(0x0000003cc1d00000,0x0000003cc1e00000) (1024K)]
  0x000001ca38261190 JavaThread "C2 CompilerThread0"         daemon [_thread_blocked, id=5308, stack(0x0000003cc1e00000,0x0000003cc1f00000) (1024K)]
  0x000001ca3825ef60 JavaThread "C1 CompilerThread0"         daemon [_thread_blocked, id=15952, stack(0x0000003cc1f00000,0x0000003cc2000000) (1024K)]
  0x000001ca3825a930 JavaThread "Notification Thread"        daemon [_thread_blocked, id=2432, stack(0x0000003cc2000000,0x0000003cc2100000) (1024K)]
  0x000001ca3825a2a0 JavaThread "Common-Cleaner"             daemon [_thread_blocked, id=15936, stack(0x0000003cc2100000,0x0000003cc2200000) (1024K)]
  0x000001ca3825d090 JavaThread "Java2D Disposer"            daemon [_thread_blocked, id=16388, stack(0x0000003cc2200000,0x0000003cc2300000) (1024K)]
  0x000001ca38259c10 JavaThread "AWT-Shutdown"                      [_thread_blocked, id=12464, stack(0x0000003cc2300000,0x0000003cc2400000) (1024K)]
=>0x000001ca3825afc0 JavaThread "AWT-Windows"                daemon [_thread_in_native, id=2996, stack(0x0000003cc2400000,0x0000003cc2500000) (1024K)]
  0x000001ca3825b650 JavaThread "AWT-EventQueue-0"                  [_thread_in_native, id=1172, stack(0x0000003cc2500000,0x0000003cc2600000) (1024K)]
  0x000001ca3825c370 JavaThread "DestroyJavaVM"                     [_thread_blocked, id=11024, stack(0x0000003cc1000000,0x0000003cc1100000) (1024K)]
  0x000001ca7efa0d00 JavaThread "TimerQueue"                 daemon [_thread_blocked, id=14752, stack(0x0000003cc2700000,0x0000003cc2800000) (1024K)]
  0x000001ca7ef9e5a0 JavaThread "mysql-cj-abandoned-connection-cleanup" daemon [_thread_blocked, id=10496, stack(0x0000003cc3000000,0x0000003cc3100000) (1024K)]
Total: 17

Other Threads:
  0x000001ca359a24c0 VMThread "VM Thread"                           [id=17588, stack(0x0000003cc1700000,0x0000003cc1800000) (1024K)]
  0x000001ca3598efa0 WatcherThread "VM Periodic Task Thread"        [id=17592, stack(0x0000003cc1600000,0x0000003cc1700000) (1024K)]
  0x000001ca13eb8e70 WorkerThread "GC Thread#0"                     [id=13852, stack(0x0000003cc1100000,0x0000003cc1200000) (1024K)]
  0x000001ca7fb0caa0 WorkerThread "GC Thread#1"                     [id=14980, stack(0x0000003cc2900000,0x0000003cc2a00000) (1024K)]
  0x000001ca7fb0d260 WorkerThread "GC Thread#2"                     [id=18248, stack(0x0000003cc2a00000,0x0000003cc2b00000) (1024K)]
  0x000001ca7fb0d610 WorkerThread "GC Thread#3"                     [id=3044, stack(0x0000003cc2b00000,0x0000003cc2c00000) (1024K)]
  0x000001ca7fb0e1d0 WorkerThread "GC Thread#4"                     [id=11408, stack(0x0000003cc2c00000,0x0000003cc2d00000) (1024K)]
  0x000001ca7fb0e990 WorkerThread "GC Thread#5"                     [id=16460, stack(0x0000003cc2d00000,0x0000003cc2e00000) (1024K)]
  0x000001ca7f666840 WorkerThread "GC Thread#6"                     [id=17476, stack(0x0000003cc2e00000,0x0000003cc2f00000) (1024K)]
  0x000001ca7f667ab0 WorkerThread "GC Thread#7"                     [id=12100, stack(0x0000003cc2f00000,0x0000003cc3000000) (1024K)]
  0x000001ca13ecdce0 ConcurrentGCThread "G1 Main Marker"            [id=13292, stack(0x0000003cc1200000,0x0000003cc1300000) (1024K)]
  0x000001ca13eceba0 WorkerThread "G1 Conc#0"                       [id=17600, stack(0x0000003cc1300000,0x0000003cc1400000) (1024K)]
  0x000001ca00d5f140 WorkerThread "G1 Conc#1"                       [id=10276, stack(0x0000003cc3400000,0x0000003cc3500000) (1024K)]
  0x000001ca358535a0 ConcurrentGCThread "G1 Refine#0"               [id=17596, stack(0x0000003cc1400000,0x0000003cc1500000) (1024K)]
  0x000001ca35855130 ConcurrentGCThread "G1 Service"                [id=17100, stack(0x0000003cc1500000,0x0000003cc1600000) (1024K)]
Total: 15

Threads with active compile tasks:
Total: 0

VM state: not at safepoint (normal execution)

VM Mutex/Monitor currently owned by a thread: None

Heap address: 0x0000000603000000, size: 8144 MB, Compressed Oops mode: Zero based, Oop shift amount: 3

CDS archive(s) mapped at: [0x000001ca39000000-0x000001ca39d70000-0x000001ca39d70000), size 14090240, SharedBaseAddress: 0x000001ca39000000, ArchiveRelocationMode: 1.
Compressed class space mapped at: 0x000001ca3a000000-0x000001ca7a000000, reserved size: 1073741824
Narrow klass base: 0x000001ca39000000, Narrow klass shift: 0, Narrow klass range: 0x41000000

GC Precious Log:
 CardTable entry size: 512
 Card Set container configuration: InlinePtr #cards 4 size 8 Array Of Cards #cards 32 size 80 Howl #buckets 8 coarsen threshold 7372 Howl Bitmap #cards 1024 size 144 coarsen threshold 921 Card regions per heap region 1 cards per card region 8192
 CPUs: 8 total, 8 available
 Memory: 32565M
 Large Page Support: Disabled
 NUMA Support: Disabled
 Compressed Oops: Enabled (Zero based)
 Heap Region Size: 4M
 Heap Min Capacity: 8M
 Heap Initial Capacity: 512M
 Heap Max Capacity: 8144M
 Pre-touch: Disabled
 Parallel Workers: 8
 Concurrent Workers: 2
 Concurrent Refinement Workers: 8
 Periodic GC: Disabled

Heap:
 garbage-first heap   total reserved 8339456K, committed 81920K, used 56199K [0x0000000603000000, 0x0000000800000000)
  region size 4096K, 10 young (40960K), 1 survivors (4096K)
 Metaspace       used 23919K, committed 24448K, reserved 1114112K
  class space    used 2862K, committed 3072K, reserved 1048576K

Heap Regions: E=young(eden), S=young(survivor), O=old, HS=humongous(starts), HC=humongous(continues), CS=collection set, F=free, TAMS=top-at-mark-start, PB=parsable bottom
|   0|0x0000000603000000, 0x000000060323a5b8, 0x0000000603400000| 55%| O|  |TAMS 0x0000000603000000| PB 0x0000000603000000| Untracked |  0
|   1|0x0000000603400000, 0x0000000603800000, 0x0000000603800000|100%|HS|  |TAMS 0x0000000603400000| PB 0x0000000603400000| Complete |  0
|   2|0x0000000603800000, 0x0000000603c00000, 0x0000000603c00000|100%|HS|  |TAMS 0x0000000603800000| PB 0x0000000603800000| Complete |  0
|   3|0x0000000603c00000, 0x0000000604000000, 0x0000000604000000|100%|HC|  |TAMS 0x0000000603c00000| PB 0x0000000603c00000| Complete |  0
|   4|0x0000000604000000, 0x0000000604400000, 0x0000000604400000|100%| O|  |TAMS 0x0000000604000000| PB 0x0000000604000000| Untracked |  0
|   5|0x0000000604400000, 0x0000000604800000, 0x0000000604800000|100%| O|  |TAMS 0x0000000604400000| PB 0x0000000604400000| Untracked |  0
|   6|0x0000000604800000, 0x0000000604832108, 0x0000000604c00000|  4%| O|  |TAMS 0x0000000604800000| PB 0x0000000604800000| Untracked |  0
|   7|0x0000000604c00000, 0x0000000604c00000, 0x0000000605000000|  0%| F|  |TAMS 0x0000000604c00000| PB 0x0000000604c00000| Untracked |  0
|   8|0x0000000605000000, 0x0000000605075800, 0x0000000605400000| 11%| S|CS|TAMS 0x0000000605000000| PB 0x0000000605000000| Complete |  0
|   9|0x0000000605400000, 0x0000000605400000, 0x0000000605800000|  0%| F|  |TAMS 0x0000000605400000| PB 0x0000000605400000| Untracked |  0
|  10|0x0000000605800000, 0x0000000605800000, 0x0000000605c00000|  0%| F|  |TAMS 0x0000000605800000| PB 0x0000000605800000| Untracked |  0
|  11|0x0000000605c00000, 0x0000000605e69950, 0x0000000606000000| 60%| E|  |TAMS 0x0000000605c00000| PB 0x0000000605c00000| Complete |  0
|  12|0x0000000606000000, 0x0000000606400000, 0x0000000606400000|100%| E|CS|TAMS 0x0000000606000000| PB 0x0000000606000000| Complete |  0
|  13|0x0000000606400000, 0x0000000606800000, 0x0000000606800000|100%| E|CS|TAMS 0x0000000606400000| PB 0x0000000606400000| Complete |  0
|  14|0x0000000606800000, 0x0000000606c00000, 0x0000000606c00000|100%| E|CS|TAMS 0x0000000606800000| PB 0x0000000606800000| Complete |  0
|  15|0x0000000606c00000, 0x0000000607000000, 0x0000000607000000|100%| E|CS|TAMS 0x0000000606c00000| PB 0x0000000606c00000| Complete |  0
|  16|0x0000000607000000, 0x0000000607400000, 0x0000000607400000|100%| E|CS|TAMS 0x0000000607000000| PB 0x0000000607000000| Complete |  0
|  17|0x0000000607400000, 0x0000000607800000, 0x0000000607800000|100%| E|CS|TAMS 0x0000000607400000| PB 0x0000000607400000| Complete |  0
| 125|0x0000000622400000, 0x0000000622800000, 0x0000000622800000|100%| E|CS|TAMS 0x0000000622400000| PB 0x0000000622400000| Complete |  0
| 127|0x0000000622c00000, 0x0000000623000000, 0x0000000623000000|100%| E|CS|TAMS 0x0000000622c00000| PB 0x0000000622c00000| Complete |  0

Card table byte_map: [0x000001ca2c880000,0x000001ca2d870000] _byte_map_base: 0x000001ca29868000

Marking Bits: (CMBitMap*) 0x000001ca13eb9580
 Bits: [0x000001ca2d870000, 0x000001ca357b0000)

Polling page: 0x000001ca11be0000

Metaspace:

Usage:
  Non-class:     20.56 MB used.
      Class:      2.80 MB used.
       Both:     23.36 MB used.

Virtual space:
  Non-class space:       64.00 MB reserved,      20.88 MB ( 33%) committed,  1 nodes.
      Class space:        1.00 GB reserved,       3.00 MB ( <1%) committed,  1 nodes.
             Both:        1.06 GB reserved,      23.88 MB (  2%) committed. 

Chunk freelists:
   Non-Class:  10.89 MB
       Class:  13.00 MB
        Both:  23.89 MB

MaxMetaspaceSize: unlimited
CompressedClassSpaceSize: 1.00 GB
Initial GC threshold: 21.00 MB
Current GC threshold: 35.12 MB
CDS: on
 - commit_granule_bytes: 65536.
 - commit_granule_words: 8192.
 - virtual_space_node_default_size: 8388608.
 - enlarge_chunks_in_place: 1.
 - use_allocation_guard: 0.


Internal statistics:

num_allocs_failed_limit: 3.
num_arena_births: 750.
num_arena_deaths: 0.
num_vsnodes_births: 2.
num_vsnodes_deaths: 0.
num_space_committed: 380.
num_space_uncommitted: 0.
num_chunks_returned_to_freelist: 3.
num_chunks_taken_from_freelist: 1095.
num_chunk_merges: 0.
num_chunk_splits: 699.
num_chunks_enlarged: 361.
num_inconsistent_stats: 0.

CodeHeap 'non-profiled nmethods': size=120064Kb used=4182Kb max_used=4182Kb free=115881Kb
 bounds [0x000001ca24010000, 0x000001ca24430000, 0x000001ca2b550000]
CodeHeap 'profiled nmethods': size=120000Kb used=8957Kb max_used=8957Kb free=111042Kb
 bounds [0x000001ca1c550000, 0x000001ca1ce10000, 0x000001ca23a80000]
CodeHeap 'non-nmethods': size=5696Kb used=1850Kb max_used=1917Kb free=3845Kb
 bounds [0x000001ca23a80000, 0x000001ca23cf0000, 0x000001ca24010000]
CodeCache: size=245760Kb, used=14989Kb, max_used=15056Kb, free=230768Kb
 total_blobs=6656, nmethods=5773, adapters=777, full_count=0
Compilation: enabled, stopped_count=0, restarted_count=0

Compilation events (20 events):
Event: 279.074 Thread 0x000001ca3825ef60 5766   !   3       java.util.concurrent.locks.AbstractQueuedSynchronizer$ConditionObject::await (185 bytes)
Event: 279.075 Thread 0x000001ca3825ef60 nmethod 5766 0x000001ca1ce0c488 code [0x000001ca1ce0c780, 0x000001ca1ce0dc68]
Event: 293.525 Thread 0x000001ca3825ef60 5767       3       java.lang.ref.ReferenceQueue::await (10 bytes)
Event: 293.525 Thread 0x000001ca3825ef60 nmethod 5767 0x000001ca1ce0dd08 code [0x000001ca1ce0de40, 0x000001ca1ce0dfc8]
Event: 336.919 Thread 0x000001ca3825ef60 5768       3       java.lang.ClassLoader::getResource (41 bytes)
Event: 336.919 Thread 0x000001ca3825ef60 nmethod 5768 0x000001ca1ce0e008 code [0x000001ca1ce0e180, 0x000001ca1ce0e770]
Event: 397.040 Thread 0x000001ca38261190 5769       4       java.util.concurrent.locks.AbstractQueuedSynchronizer$ConditionObject::unlinkCancelledWaiters (91 bytes)
Event: 397.042 Thread 0x000001ca38261190 nmethod 5769 0x000001ca24423988 code [0x000001ca24423aa0, 0x000001ca24423dc8]
Event: 447.141 Thread 0x000001ca3825ef60 5770       3       java.lang.Thread::getContextClassLoader (30 bytes)
Event: 447.142 Thread 0x000001ca3825ef60 nmethod 5770 0x000001ca1ce0e808 code [0x000001ca1ce0e940, 0x000001ca1ce0eb98]
Event: 492.220 Thread 0x000001ca3825ef60 5771       1       jdk.internal.loader.URLClassPath$FileLoader$1::getURL (5 bytes)
Event: 492.220 Thread 0x000001ca3825ef60 nmethod 5771 0x000001ca24423e08 code [0x000001ca24423f20, 0x000001ca24423ff0]
Event: 500.829 Thread 0x000001ca3825ef60 5772  s    3       java.util.Hashtable::put (104 bytes)
Event: 500.830 Thread 0x000001ca3825ef60 nmethod 5772 0x000001ca1ce0ec08 code [0x000001ca1ce0eda0, 0x000001ca1ce0f5a0]
Event: 500.874 Thread 0x000001ca38261190 5773       4       java.util.Hashtable::addEntry (87 bytes)
Event: 500.877 Thread 0x000001ca38261190 nmethod 5773 0x000001ca24424108 code [0x000001ca24424260, 0x000001ca244246e0]
Event: 501.899 Thread 0x000001ca38261190 5774  s    4       java.util.Hashtable::put (104 bytes)
Event: 501.905 Thread 0x000001ca38261190 nmethod 5774 0x000001ca24424788 code [0x000001ca24424920, 0x000001ca244254e0]
Event: 647.523 Thread 0x000001ca38261190 5775       4       java.lang.Thread::interrupted (7 bytes)
Event: 647.523 Thread 0x000001ca38261190 nmethod 5775 0x000001ca24425588 code [0x000001ca24425680, 0x000001ca24425718]

GC Heap History (20 events):
Event: 683.680 GC heap before
{Heap before GC invocations=715 (full 0):
 garbage-first heap   total reserved 8339456K, committed 81920K, used 60305K [0x0000000603000000, 0x0000000800000000)
  region size 4096K, 11 young (45056K), 1 survivors (4096K)
 Metaspace       used 23918K, committed 24448K, reserved 1114112K
  class space    used 2861K, committed 3072K, reserved 1048576K
}
Event: 683.681 GC heap after
{Heap after GC invocations=716 (full 0):
 garbage-first heap   total reserved 8339456K, committed 81920K, used 23430K [0x0000000603000000, 0x0000000800000000)
  region size 4096K, 1 young (4096K), 1 survivors (4096K)
 Metaspace       used 23918K, committed 24448K, reserved 1114112K
  class space    used 2861K, committed 3072K, reserved 1048576K
}
Event: 684.747 GC heap before
{Heap before GC invocations=716 (full 0):
 garbage-first heap   total reserved 8339456K, committed 81920K, used 60294K [0x0000000603000000, 0x0000000800000000)
  region size 4096K, 11 young (45056K), 1 survivors (4096K)
 Metaspace       used 23918K, committed 24448K, reserved 1114112K
  class space    used 2861K, committed 3072K, reserved 1048576K
}
Event: 684.748 GC heap after
{Heap after GC invocations=717 (full 0):
 garbage-first heap   total reserved 8339456K, committed 81920K, used 23429K [0x0000000603000000, 0x0000000800000000)
  region size 4096K, 1 young (4096K), 1 survivors (4096K)
 Metaspace       used 23918K, committed 24448K, reserved 1114112K
  class space    used 2861K, committed 3072K, reserved 1048576K
}
Event: 685.836 GC heap before
{Heap before GC invocations=717 (full 0):
 garbage-first heap   total reserved 8339456K, committed 81920K, used 60293K [0x0000000603000000, 0x0000000800000000)
  region size 4096K, 11 young (45056K), 1 survivors (4096K)
 Metaspace       used 23918K, committed 24448K, reserved 1114112K
  class space    used 2861K, committed 3072K, reserved 1048576K
}
Event: 685.838 GC heap after
{Heap after GC invocations=718 (full 0):
 garbage-first heap   total reserved 8339456K, committed 81920K, used 23427K [0x0000000603000000, 0x0000000800000000)
  region size 4096K, 1 young (4096K), 1 survivors (4096K)
 Metaspace       used 23918K, committed 24448K, reserved 1114112K
  class space    used 2861K, committed 3072K, reserved 1048576K
}
Event: 686.941 GC heap before
{Heap before GC invocations=718 (full 0):
 garbage-first heap   total reserved 8339456K, committed 81920K, used 60291K [0x0000000603000000, 0x0000000800000000)
  region size 4096K, 11 young (45056K), 1 survivors (4096K)
 Metaspace       used 23918K, committed 24448K, reserved 1114112K
  class space    used 2861K, committed 3072K, reserved 1048576K
}
Event: 686.942 GC heap after
{Heap after GC invocations=719 (full 0):
 garbage-first heap   total reserved 8339456K, committed 81920K, used 23456K [0x0000000603000000, 0x0000000800000000)
  region size 4096K, 1 young (4096K), 1 survivors (4096K)
 Metaspace       used 23918K, committed 24448K, reserved 1114112K
  class space    used 2861K, committed 3072K, reserved 1048576K
}
Event: 687.942 GC heap before
{Heap before GC invocations=719 (full 0):
 garbage-first heap   total reserved 8339456K, committed 81920K, used 64416K [0x0000000603000000, 0x0000000800000000)
  region size 4096K, 11 young (45056K), 1 survivors (4096K)
 Metaspace       used 23918K, committed 24448K, reserved 1114112K
  class space    used 2861K, committed 3072K, reserved 1048576K
}
Event: 687.944 GC heap after
{Heap after GC invocations=720 (full 0):
 garbage-first heap   total reserved 8339456K, committed 81920K, used 23444K [0x0000000603000000, 0x0000000800000000)
  region size 4096K, 1 young (4096K), 1 survivors (4096K)
 Metaspace       used 23918K, committed 24448K, reserved 1114112K
  class space    used 2861K, committed 3072K, reserved 1048576K
}
Event: 688.844 GC heap before
{Heap before GC invocations=720 (full 0):
 garbage-first heap   total reserved 8339456K, committed 81920K, used 60308K [0x0000000603000000, 0x0000000800000000)
  region size 4096K, 11 young (45056K), 1 survivors (4096K)
 Metaspace       used 23918K, committed 24448K, reserved 1114112K
  class space    used 2861K, committed 3072K, reserved 1048576K
}
Event: 688.846 GC heap after
{Heap after GC invocations=721 (full 0):
 garbage-first heap   total reserved 8339456K, committed 81920K, used 23452K [0x0000000603000000, 0x0000000800000000)
  region size 4096K, 1 young (4096K), 1 survivors (4096K)
 Metaspace       used 23918K, committed 24448K, reserved 1114112K
  class space    used 2861K, committed 3072K, reserved 1048576K
}
Event: 689.717 GC heap before
{Heap before GC invocations=721 (full 0):
 garbage-first heap   total reserved 8339456K, committed 81920K, used 64412K [0x0000000603000000, 0x0000000800000000)
  region size 4096K, 11 young (45056K), 1 survivors (4096K)
 Metaspace       used 23918K, committed 24448K, reserved 1114112K
  class space    used 2861K, committed 3072K, reserved 1048576K
}
Event: 689.719 GC heap after
{Heap after GC invocations=722 (full 0):
 garbage-first heap   total reserved 8339456K, committed 81920K, used 23442K [0x0000000603000000, 0x0000000800000000)
  region size 4096K, 1 young (4096K), 1 survivors (4096K)
 Metaspace       used 23918K, committed 24448K, reserved 1114112K
  class space    used 2861K, committed 3072K, reserved 1048576K
}
Event: 690.654 GC heap before
{Heap before GC invocations=722 (full 0):
 garbage-first heap   total reserved 8339456K, committed 81920K, used 60306K [0x0000000603000000, 0x0000000800000000)
  region size 4096K, 11 young (45056K), 1 survivors (4096K)
 Metaspace       used 23918K, committed 24448K, reserved 1114112K
  class space    used 2861K, committed 3072K, reserved 1048576K
}
Event: 690.656 GC heap after
{Heap after GC invocations=723 (full 0):
 garbage-first heap   total reserved 8339456K, committed 81920K, used 23431K [0x0000000603000000, 0x0000000800000000)
  region size 4096K, 1 young (4096K), 1 survivors (4096K)
 Metaspace       used 23918K, committed 24448K, reserved 1114112K
  class space    used 2861K, committed 3072K, reserved 1048576K
}
Event: 691.649 GC heap before
{Heap before GC invocations=723 (full 0):
 garbage-first heap   total reserved 8339456K, committed 81920K, used 64391K [0x0000000603000000, 0x0000000800000000)
  region size 4096K, 11 young (45056K), 1 survivors (4096K)
 Metaspace       used 23918K, committed 24448K, reserved 1114112K
  class space    used 2861K, committed 3072K, reserved 1048576K
}
Event: 691.651 GC heap after
{Heap after GC invocations=724 (full 0):
 garbage-first heap   total reserved 8339456K, committed 81920K, used 23442K [0x0000000603000000, 0x0000000800000000)
  region size 4096K, 1 young (4096K), 1 survivors (4096K)
 Metaspace       used 23918K, committed 24448K, reserved 1114112K
  class space    used 2861K, committed 3072K, reserved 1048576K
}
Event: 692.695 GC heap before
{Heap before GC invocations=724 (full 0):
 garbage-first heap   total reserved 8339456K, committed 81920K, used 60306K [0x0000000603000000, 0x0000000800000000)
  region size 4096K, 11 young (45056K), 1 survivors (4096K)
 Metaspace       used 23918K, committed 24448K, reserved 1114112K
  class space    used 2861K, committed 3072K, reserved 1048576K
}
Event: 692.695 GC heap after
{Heap after GC invocations=725 (full 0):
 garbage-first heap   total reserved 8339456K, committed 81920K, used 23431K [0x0000000603000000, 0x0000000800000000)
  region size 4096K, 1 young (4096K), 1 survivors (4096K)
 Metaspace       used 23918K, committed 24448K, reserved 1114112K
  class space    used 2861K, committed 3072K, reserved 1048576K
}

Dll operation events (13 events):
Event: 0.006 Loaded shared library C:\Program Files\Java\jdk-23\bin\java.dll
Event: 0.028 Loaded shared library C:\Program Files\Java\jdk-23\bin\jsvml.dll
Event: 0.051 Loaded shared library C:\Program Files\Java\jdk-23\bin\net.dll
Event: 0.053 Loaded shared library C:\Program Files\Java\jdk-23\bin\nio.dll
Event: 0.054 Loaded shared library C:\Program Files\Java\jdk-23\bin\zip.dll
Event: 0.072 Loaded shared library C:\Program Files\Java\jdk-23\bin\jimage.dll
Event: 0.091 Loaded shared library C:\Program Files\Java\jdk-23\bin\awt.dll
Event: 0.180 Loaded shared library C:\Program Files\Java\jdk-23\bin\freetype.dll
Event: 0.180 Loaded shared library C:\Program Files\Java\jdk-23\bin\fontmanager.dll
Event: 0.570 Loaded shared library C:\Program Files\Java\jdk-23\bin\verify.dll
Event: 0.650 Loaded shared library C:\Windows\System32\ucrtbase.dll
Event: 0.651 Loaded shared library C:\Program Files\Java\jdk-23\bin\syslookup.dll
Event: 2.143 Loaded shared library C:\Program Files\Java\jdk-23\bin\extnet.dll

Deoptimization events (20 events):
Event: 45.053 Thread 0x000001ca3825b650 DEOPT PACKING pc=0x000001ca2435753c sp=0x0000003cc25fdfa0
Event: 45.054 Thread 0x000001ca3825b650 DEOPT UNPACKING pc=0x000001ca23ad4402 sp=0x0000003cc25fdd48 mode 2
Event: 45.782 Thread 0x000001ca3825d090 Uncommon trap: trap_request=0xffffffde fr.pc=0x000001ca243e5c54 relative=0x0000000000000814
Event: 45.782 Thread 0x000001ca3825d090 Uncommon trap: reason=class_check action=maybe_recompile pc=0x000001ca243e5c54 method=sun.java2d.Disposer.run()V @ 18 c2
Event: 45.782 Thread 0x000001ca3825d090 DEOPT PACKING pc=0x000001ca243e5c54 sp=0x0000003cc22ff680
Event: 45.782 Thread 0x000001ca3825d090 DEOPT UNPACKING pc=0x000001ca23ad4402 sp=0x0000003cc22ff650 mode 2
Event: 45.992 Thread 0x000001ca3825b650 Uncommon trap: trap_request=0xffffff45 fr.pc=0x000001ca243572fc relative=0x0000000000001a9c
Event: 45.992 Thread 0x000001ca3825b650 Uncommon trap: reason=unstable_if action=reinterpret pc=0x000001ca243572fc method=javax.swing.JComponent.paintImmediately(IIII)V @ 7 c2
Event: 45.992 Thread 0x000001ca3825b650 DEOPT PACKING pc=0x000001ca243572fc sp=0x0000003cc25fdfa0
Event: 45.992 Thread 0x000001ca3825b650 DEOPT UNPACKING pc=0x000001ca23ad4402 sp=0x0000003cc25fdca8 mode 2
Event: 52.425 Thread 0x000001ca3825b650 DEOPT PACKING pc=0x000001ca1cd97259 sp=0x0000003cc25fce90
Event: 52.425 Thread 0x000001ca3825b650 DEOPT UNPACKING pc=0x000001ca23ad4b22 sp=0x0000003cc25fc358 mode 0
Event: 173.134 Thread 0x000001ca3825b650 Uncommon trap: trap_request=0xffffff45 fr.pc=0x000001ca24243e3c relative=0x0000000000000c5c
Event: 173.134 Thread 0x000001ca3825b650 Uncommon trap: reason=unstable_if action=reinterpret pc=0x000001ca24243e3c method=java.util.Hashtable.put(Ljava/lang/Object;Ljava/lang/Object;)Ljava/lang/Object; @ 63 c2
Event: 173.134 Thread 0x000001ca3825b650 DEOPT PACKING pc=0x000001ca24243e3c sp=0x0000003cc25fbf30
Event: 173.134 Thread 0x000001ca3825b650 DEOPT UNPACKING pc=0x000001ca23ad4402 sp=0x0000003cc25fbe68 mode 2
Event: 500.805 Thread 0x000001ca3825b650 Uncommon trap: trap_request=0xffffff45 fr.pc=0x000001ca24309d80 relative=0x00000000000008e0
Event: 500.805 Thread 0x000001ca3825b650 Uncommon trap: reason=unstable_if action=reinterpret pc=0x000001ca24309d80 method=java.util.Hashtable.put(Ljava/lang/Object;Ljava/lang/Object;)Ljava/lang/Object; @ 63 c2
Event: 500.805 Thread 0x000001ca3825b650 DEOPT PACKING pc=0x000001ca24309d80 sp=0x0000003cc25fbee0
Event: 500.805 Thread 0x000001ca3825b650 DEOPT UNPACKING pc=0x000001ca23ad4402 sp=0x0000003cc25fbe90 mode 2

Classes loaded (20 events):
Event: 17.262 Loading class sun/java2d/opengl/OGLSurfaceData
Event: 17.262 Loading class sun/java2d/opengl/OGLSurfaceData done
Event: 27.353 Loading class java/util/RegularEnumSet$EnumSetIterator
Event: 27.354 Loading class java/util/RegularEnumSet$EnumSetIterator done
Event: 27.357 Loading class java/util/concurrent/atomic/AtomicReferenceFieldUpdater
Event: 27.357 Loading class java/util/concurrent/atomic/AtomicReferenceFieldUpdater done
Event: 27.357 Loading class java/util/concurrent/atomic/AtomicReferenceFieldUpdater$AtomicReferenceFieldUpdaterImpl
Event: 27.357 Loading class java/util/concurrent/atomic/AtomicReferenceFieldUpdater$AtomicReferenceFieldUpdaterImpl done
Event: 27.357 Loading class java/util/concurrent/atomic/AtomicReferenceFieldUpdater$AtomicReferenceFieldUpdaterImpl$1
Event: 27.358 Loading class java/util/concurrent/atomic/AtomicReferenceFieldUpdater$AtomicReferenceFieldUpdaterImpl$1 done
Event: 34.100 Loading class java/lang/Throwable$WrappedPrintStream
Event: 34.100 Loading class java/lang/Throwable$PrintStreamOrWriter
Event: 34.100 Loading class java/lang/Throwable$PrintStreamOrWriter done
Event: 34.100 Loading class java/lang/Throwable$WrappedPrintStream done
Event: 34.101 Loading class java/lang/StackTraceElement$HashedModules
Event: 34.101 Loading class java/lang/StackTraceElement$HashedModules done
Event: 37.637 Loading class java/awt/Canvas
Event: 37.637 Loading class java/awt/Canvas done
Event: 37.637 Loading class java/awt/Scrollbar
Event: 37.637 Loading class java/awt/Scrollbar done

Classes unloaded (0 events):
No events

Classes redefined (0 events):
No events

Internal exceptions (20 events):
Event: 1.907 Thread 0x000001ca3825b650 Exception <a 'java/lang/NoSuchMethodError'{0x0000000622e83240}: 'java.lang.Object java.lang.invoke.DirectMethodHandle$Holder.invokeStatic(java.lang.Object, java.lang.Object, int, java.lang.Object)'> (0x0000000622e83240) 
thrown [s\open\src\hotspot\share\interpreter\linkResolver.cpp, line 796]
Event: 2.068 Thread 0x000001ca3825b650 Exception <a 'java/lang/NoSuchMethodError'{0x00000006228cdf00}: 'java.lang.Object java.lang.invoke.DirectMethodHandle$Holder.invokeVirtual(java.lang.Object, java.lang.Object, java.lang.Object)'> (0x00000006228cdf00) 
thrown [s\open\src\hotspot\share\interpreter\linkResolver.cpp, line 796]
Event: 2.259 Thread 0x000001ca3825b650 Exception <a 'java/lang/NoSuchMethodError'{0x00000006220ba7c8}: 'void java.lang.invoke.DirectMethodHandle$Holder.invokeInterface(java.lang.Object, java.lang.Object)'> (0x00000006220ba7c8) 
thrown [s\open\src\hotspot\share\interpreter\linkResolver.cpp, line 796]
Event: 4.219 Thread 0x000001ca3825b650 Implicit null exception at 0x000001ca2413e758 to 0x000001ca2413e8ec
Event: 5.055 Thread 0x000001ca3825b650 Implicit null exception at 0x000001ca24219f25 to 0x000001ca2421a47c
Event: 5.092 Thread 0x000001ca3825b650 Exception <a 'java/lang/NoSuchMethodError'{0x000000060748c7a0}: 'int java.lang.invoke.DirectMethodHandle$Holder.invokeStatic(java.lang.Object)'> (0x000000060748c7a0) 
thrown [s\open\src\hotspot\share\interpreter\linkResolver.cpp, line 796]
Event: 5.095 Thread 0x000001ca3825b650 Implicit null exception at 0x000001ca241a04cb to 0x000001ca241a1090
Event: 5.118 Thread 0x000001ca3825b650 Implicit null exception at 0x000001ca2423c9a2 to 0x000001ca2423cff3
Event: 5.118 Thread 0x000001ca3825b650 Implicit null exception at 0x000001ca2423c9a2 to 0x000001ca2423cff3
Event: 5.118 Thread 0x000001ca3825b650 Implicit null exception at 0x000001ca2423c9a2 to 0x000001ca2423cff3
Event: 5.119 Thread 0x000001ca3825b650 Implicit null exception at 0x000001ca2423c9a2 to 0x000001ca2423cff3
Event: 6.386 Thread 0x000001ca3825b650 Implicit null exception at 0x000001ca241625a0 to 0x000001ca24162880
Event: 8.835 Thread 0x000001ca3825b650 Implicit null exception at 0x000001ca24255cd1 to 0x000001ca242562bc
Event: 8.835 Thread 0x000001ca3825b650 Implicit null exception at 0x000001ca24151ed7 to 0x000001ca241529d0
Event: 8.838 Thread 0x000001ca3825b650 Implicit null exception at 0x000001ca24165c24 to 0x000001ca24166694
Event: 8.924 Thread 0x000001ca3825b650 Implicit null exception at 0x000001ca2420b64a to 0x000001ca2420b710
Event: 9.062 Thread 0x000001ca3825b650 Implicit null exception at 0x000001ca241a259a to 0x000001ca241a3318
Event: 9.640 Thread 0x000001ca3825b650 Implicit null exception at 0x000001ca242c3368 to 0x000001ca242c3af0
Event: 9.640 Thread 0x000001ca3825b650 Implicit null exception at 0x000001ca242c3368 to 0x000001ca242c3af0
Event: 11.461 Thread 0x000001ca3825b650 Implicit null exception at 0x000001ca242da4d7 to 0x000001ca242dbc1c

VM Operations (20 events):
Event: 683.680 Executing VM operation: G1CollectForAllocation (G1 Evacuation Pause)
Event: 683.681 Executing VM operation: G1CollectForAllocation (G1 Evacuation Pause) done
Event: 684.747 Executing VM operation: G1CollectForAllocation (G1 Evacuation Pause)
Event: 684.748 Executing VM operation: G1CollectForAllocation (G1 Evacuation Pause) done
Event: 685.836 Executing VM operation: G1CollectForAllocation (G1 Evacuation Pause)
Event: 685.838 Executing VM operation: G1CollectForAllocation (G1 Evacuation Pause) done
Event: 686.941 Executing VM operation: G1CollectForAllocation (G1 Evacuation Pause)
Event: 686.942 Executing VM operation: G1CollectForAllocation (G1 Evacuation Pause) done
Event: 687.942 Executing VM operation: G1CollectForAllocation (G1 Evacuation Pause)
Event: 687.944 Executing VM operation: G1CollectForAllocation (G1 Evacuation Pause) done
Event: 688.844 Executing VM operation: G1CollectForAllocation (G1 Evacuation Pause)
Event: 688.846 Executing VM operation: G1CollectForAllocation (G1 Evacuation Pause) done
Event: 689.717 Executing VM operation: G1CollectForAllocation (G1 Evacuation Pause)
Event: 689.719 Executing VM operation: G1CollectForAllocation (G1 Evacuation Pause) done
Event: 690.654 Executing VM operation: G1CollectForAllocation (G1 Evacuation Pause)
Event: 690.656 Executing VM operation: G1CollectForAllocation (G1 Evacuation Pause) done
Event: 691.649 Executing VM operation: G1CollectForAllocation (G1 Evacuation Pause)
Event: 691.651 Executing VM operation: G1CollectForAllocation (G1 Evacuation Pause) done
Event: 692.694 Executing VM operation: G1CollectForAllocation (G1 Evacuation Pause)
Event: 692.695 Executing VM operation: G1CollectForAllocation (G1 Evacuation Pause) done

Memory protections (0 events):
No events

Nmethod flushes (0 events):
No events

Events (20 events):
Event: 1.157 Thread 0x000001ca7eea1e60 Thread exited: 0x000001ca7eea1e60
Event: 1.873 Thread 0x000001ca3825b650 Thread added: 0x000001ca7efa0d00
Event: 1.997 Thread 0x000001ca3825ef60 Thread added: 0x000001ca7fc66900
Event: 2.035 Thread 0x000001ca3825b650 Thread added: 0x000001ca7ef9e5a0
Event: 2.279 Thread 0x000001ca3825b650 Thread added: 0x000001ca7ef9ec30
Event: 2.279 Thread 0x000001ca3825b650 Thread added: 0x000001ca7ef9df10
Event: 2.830 Thread 0x000001ca7ef9df10 Thread exited: 0x000001ca7ef9df10
Event: 3.067 Thread 0x000001ca7ef9ec30 Thread exited: 0x000001ca7ef9ec30
Event: 3.773 Thread 0x000001ca7fc66900 Thread added: 0x000001ca7fd75d00
Event: 6.882 Thread 0x000001ca3825ca00 Thread exited: 0x000001ca3825ca00
Event: 7.047 Thread 0x000001ca7fd75d00 Thread exited: 0x000001ca7fd75d00
Event: 7.222 Thread 0x000001ca7fc66900 Thread exited: 0x000001ca7fc66900
Event: 8.817 Thread 0x000001ca3825ef60 Thread added: 0x000001ca01c863f0
Event: 8.910 Thread 0x000001ca3825b650 Thread added: 0x000001ca7efa0670
Event: 9.115 Thread 0x000001ca3825ef60 Thread added: 0x000001ca7fbba050
Event: 11.605 Thread 0x000001ca7fbba050 Thread exited: 0x000001ca7fbba050
Event: 11.605 Thread 0x000001ca01c863f0 Thread exited: 0x000001ca01c863f0
Event: 13.927 Thread 0x000001ca7efa0670 Thread exited: 0x000001ca7efa0670
Event: 45.040 Thread 0x000001ca3825ef60 Thread added: 0x000001ca012e1630
Event: 45.191 Thread 0x000001ca012e1630 Thread exited: 0x000001ca012e1630


Dynamic libraries:
0x00007ff650960000 - 0x00007ff650970000 	C:\Program Files\Java\jdk-23\bin\java.exe
0x00007ffcddce0000 - 0x00007ffcddf40000 	C:\WINDOWS\SYSTEM32\ntdll.dll
0x00007ffcdd6f0000 - 0x00007ffcdd7b7000 	C:\WINDOWS\System32\KERNEL32.DLL
0x00007ffcdb710000 - 0x00007ffcdbada000 	C:\WINDOWS\System32\KERNELBASE.dll
0x00007ffcdb340000 - 0x00007ffcdb48b000 	C:\WINDOWS\System32\ucrtbase.dll
0x00007ffcd0470000 - 0x00007ffcd0487000 	C:\Program Files\Java\jdk-23\bin\jli.dll
0x00007ffcbf280000 - 0x00007ffcbf29b000 	C:\Program Files\Java\jdk-23\bin\VCRUNTIME140.dll
0x00007ffcdc180000 - 0x00007ffcdc34c000 	C:\WINDOWS\System32\USER32.dll
0x00007ffcc0310000 - 0x00007ffcc05a7000 	C:\WINDOWS\WinSxS\amd64_microsoft.windows.common-controls_6595b64144ccf1df_6.0.26100.3624_none_3e086962e3345f24\COMCTL32.dll
0x00007ffcdb310000 - 0x00007ffcdb337000 	C:\WINDOWS\System32\win32u.dll
0x00007ffcdbd40000 - 0x00007ffcdbde9000 	C:\WINDOWS\System32\msvcrt.dll
0x00007ffcdd5d0000 - 0x00007ffcdd5fa000 	C:\WINDOWS\System32\GDI32.dll
0x00007ffcdb490000 - 0x00007ffcdb5c1000 	C:\WINDOWS\System32\gdi32full.dll
0x00007ffcdb5d0000 - 0x00007ffcdb673000 	C:\WINDOWS\System32\msvcp_win.dll
0x00007ffcdbc60000 - 0x00007ffcdbc8f000 	C:\WINDOWS\System32\IMM32.DLL
0x00007ffcc3070000 - 0x00007ffcc307c000 	C:\Program Files\Java\jdk-23\bin\vcruntime140_1.dll
0x00007ffc48770000 - 0x00007ffc487fe000 	C:\Program Files\Java\jdk-23\bin\msvcp140.dll
0x00007ffc48a60000 - 0x00007ffc497b0000 	C:\Program Files\Java\jdk-23\bin\server\jvm.dll
0x00007ffcdd7c0000 - 0x00007ffcdd872000 	C:\WINDOWS\System32\ADVAPI32.dll
0x00007ffcdd880000 - 0x00007ffcdd926000 	C:\WINDOWS\System32\sechost.dll
0x00007ffcdbb40000 - 0x00007ffcdbc56000 	C:\WINDOWS\System32\RPCRT4.dll
0x00007ffcdd960000 - 0x00007ffcdd9d4000 	C:\WINDOWS\System32\WS2_32.dll
0x00007ffcdac60000 - 0x00007ffcdacbe000 	C:\WINDOWS\SYSTEM32\POWRPROF.dll
0x00007ffcc3820000 - 0x00007ffcc3856000 	C:\WINDOWS\SYSTEM32\WINMM.dll
0x00007ffcd40c0000 - 0x00007ffcd40cb000 	C:\WINDOWS\SYSTEM32\VERSION.dll
0x00007ffcdac40000 - 0x00007ffcdac54000 	C:\WINDOWS\SYSTEM32\UMPDC.dll
0x00007ffcd9c90000 - 0x00007ffcd9caa000 	C:\WINDOWS\SYSTEM32\kernel.appcore.dll
0x00007ffcbf250000 - 0x00007ffcbf25a000 	C:\Program Files\Java\jdk-23\bin\jimage.dll
0x00007ffcc0b00000 - 0x00007ffcc0d41000 	C:\WINDOWS\SYSTEM32\DBGHELP.DLL
0x00007ffcdbdf0000 - 0x00007ffcdc172000 	C:\WINDOWS\System32\combase.dll
0x00007ffcdd4f0000 - 0x00007ffcdd5c6000 	C:\WINDOWS\System32\OLEAUT32.dll
0x00007ffcc08a0000 - 0x00007ffcc08d9000 	C:\WINDOWS\SYSTEM32\dbgcore.DLL
0x00007ffcdb1b0000 - 0x00007ffcdb249000 	C:\WINDOWS\System32\bcryptPrimitives.dll
0x00007ffcbf260000 - 0x00007ffcbf27e000 	C:\Program Files\Java\jdk-23\bin\java.dll
0x00007ffcdca10000 - 0x00007ffcdcba6000 	C:\WINDOWS\System32\ole32.dll
0x00007ffcdcd30000 - 0x00007ffcdd459000 	C:\WINDOWS\System32\SHELL32.dll
0x00007ffcdaec0000 - 0x00007ffcdb028000 	C:\WINDOWS\System32\wintypes.dll
0x00007ffcd8b40000 - 0x00007ffcd9392000 	C:\WINDOWS\SYSTEM32\windows.storage.dll
0x00007ffcdd600000 - 0x00007ffcdd6ed000 	C:\WINDOWS\System32\SHCORE.dll
0x00007ffcdd480000 - 0x00007ffcdd4e4000 	C:\WINDOWS\System32\shlwapi.dll
0x00007ffcdadd0000 - 0x00007ffcdadff000 	C:\WINDOWS\SYSTEM32\profapi.dll
0x00007ffcb2c20000 - 0x00007ffcb2cf7000 	C:\Program Files\Java\jdk-23\bin\jsvml.dll
0x00007ffcbf040000 - 0x00007ffcbf050000 	C:\Program Files\Java\jdk-23\bin\net.dll
0x00007ffcda190000 - 0x00007ffcda1fa000 	C:\WINDOWS\system32\mswsock.dll
0x00007ffcbf020000 - 0x00007ffcbf036000 	C:\Program Files\Java\jdk-23\bin\nio.dll
0x00007ffcb2c00000 - 0x00007ffcb2c17000 	C:\Program Files\Java\jdk-23\bin\zip.dll
0x00007ffc48800000 - 0x00007ffc4898e000 	C:\Program Files\Java\jdk-23\bin\awt.dll
0x00007ffcd7f30000 - 0x00007ffcd7fcc000 	C:\WINDOWS\SYSTEM32\apphelp.dll
0x00007ffcd8120000 - 0x00007ffcd81ce000 	C:\WINDOWS\system32\uxtheme.dll
0x00007ffcdcbb0000 - 0x00007ffcdcd0d000 	C:\WINDOWS\System32\MSCTF.dll
0x00007ffcd84b0000 - 0x00007ffcd84e6000 	C:\WINDOWS\system32\DWMAPI.DLL
0x00007ffc486e0000 - 0x00007ffc48767000 	C:\Program Files\Java\jdk-23\bin\freetype.dll
0x00007ffc48600000 - 0x00007ffc486d7000 	C:\Program Files\Java\jdk-23\bin\fontmanager.dll
0x00007ffca5230000 - 0x00007ffca533c000 	C:\WINDOWS\system32\opengl32.dll
0x00007ffca5010000 - 0x00007ffca503d000 	C:\WINDOWS\SYSTEM32\GLU32.dll
0x00007ffcd8270000 - 0x00007ffcd82b7000 	C:\WINDOWS\SYSTEM32\dxcore.dll
0x00007ffcda540000 - 0x00007ffcda55c000 	C:\WINDOWS\SYSTEM32\CRYPTSP.dll
0x00007ffcd9bf0000 - 0x00007ffcd9c2a000 	C:\WINDOWS\system32\rsaenh.dll
0x00007ffcda230000 - 0x00007ffcda25b000 	C:\WINDOWS\SYSTEM32\USERENV.dll
0x00007ffcdada0000 - 0x00007ffcdadc6000 	C:\WINDOWS\SYSTEM32\bcrypt.dll
0x00007ffcda3c0000 - 0x00007ffcda3cc000 	C:\WINDOWS\SYSTEM32\CRYPTBASE.dll
0x00007ffcd96a0000 - 0x00007ffcd96d3000 	C:\WINDOWS\SYSTEM32\IPHLPAPI.DLL
0x00007ffcdbd30000 - 0x00007ffcdbd3a000 	C:\WINDOWS\System32\NSI.dll
0x00007ffcb43b0000 - 0x00007ffcb43c0000 	C:\Program Files\Java\jdk-23\bin\verify.dll
0x00007ffccb060000 - 0x00007ffccb1a9000 	C:\WINDOWS\SYSTEM32\textinputframework.dll
0x00007ffcd3e80000 - 0x00007ffcd3e89000 	C:\Program Files\Java\jdk-23\bin\syslookup.dll
0x00007ffcd7b60000 - 0x00007ffcd7c86000 	C:\WINDOWS\SYSTEM32\CoreMessaging.dll
0x00007ffcd36a0000 - 0x00007ffcd3983000 	C:\WINDOWS\SYSTEM32\CoreUIComponents.dll
0x00007ffcd9730000 - 0x00007ffcd9855000 	C:\WINDOWS\SYSTEM32\DNSAPI.dll
0x00007ffcca280000 - 0x00007ffcca28b000 	C:\Windows\System32\rasadhlp.dll
0x00007ffcccbb0000 - 0x00007ffcccc35000 	C:\WINDOWS\System32\fwpuclnt.dll
0x00007ffcb2bd0000 - 0x00007ffcb2bd9000 	C:\Program Files\Java\jdk-23\bin\extnet.dll
0x00007ffcdc860000 - 0x00007ffcdc908000 	C:\WINDOWS\System32\clbcatq.dll
0x00007ffcd6200000 - 0x00007ffcd642e000 	C:\WINDOWS\SYSTEM32\WindowsCodecs.dll
0x00007ffca57a0000 - 0x00007ffca57fa000 	C:\WINDOWS\system32\dataexchange.dll
0x00007ffccac70000 - 0x00007ffccaeab000 	C:\WINDOWS\system32\twinapi.appcore.dll

dbghelp: loaded successfully - version: 4.0.5 - missing functions: none
symbol engine: initialized successfully - sym options: 0x614 - pdb path: .;C:\Program Files\Java\jdk-23\bin;C:\WINDOWS\SYSTEM32;C:\WINDOWS\WinSxS\amd64_microsoft.windows.common-controls_6595b64144ccf1df_6.0.26100.3624_none_3e086962e3345f24;C:\Program Files\Java\jdk-23\bin\server

VM Arguments:
jvm_args: --enable-preview 
java_command: vista.Principal
java_class_path (initial): C:\Users\ADSO\Documents\NetBeansProjects\joseabelSistema\target\classes;C:\Users\ADSO\.m2\repository\AbsoluteLayout\AbsoluteLayout\1.0\AbsoluteLayout-1.0.jar;C:\Users\ADSO\.m2\repository\mysql-connector-j-9\2\0\mysql-connector-j-9.2.0\9.2.0\mysql-connector-j-9.2.0-9.2.0.jar;C:\Users\ADSO\.m2\repository\NefAnimacion_V2\1_jdk18\NefAnimacion_V2.1_jdk18\2.1\NefAnimacion_V2.1_jdk18-2.1.jar;C:\Users\ADSO\.m2\repository\RojeruSan\lib\RojeruSan.lib\1.0\RojeruSan.lib-1.0.jar;C:\Users\ADSO\.m2\repository\com\surelogic\promises\4.0.3\promises-4.0.3.jar;C:\Users\ADSO\.m2\repository\RojeruSan\parte1\RojeruSan.parte1\1.0\RojeruSan.parte1-1.0.jar;C:\Users\ADSO\.m2\repository\RSMaterialComponents_3\0\RSMaterialComponents_3.0\3.0\RSMaterialComponents_3.0-3.0.jar;C:\Users\ADSO\.m2\repository\javax\mail\javax.mail\1.6.2\javax.mail-1.6.2.jar;C:\Users\ADSO\.m2\repository\javax\activation\activation\1.1\activation-1.1.jar;C:\Users\ADSO\.m2\repository\KGradientPanel\KGradientPanel\1.0.2\KGradientPanel-1.0.2.jar;C:\Users\ADSO\.m2\repository\com\toedter\jcalendar\1.4\jcalendar-1.4.jar;C:\Users\ADSO\.m2\repository\unknown\binary\RojeruSan.full_9.6\SNAPSHOT\RojeruSan.full_9.6-SNAPSHOT.jar;C:\Users\ADSO\.m2\repository\unknown\binary\RojeruSan.full\SNAPSHOT\RojeruSan.full-SNAPSHOT.jar
Launcher Type: SUN_STANDARD

[Global flags]
     intx CICompilerCount                          = 4                                         {product} {ergonomic}
     uint ConcGCThreads                            = 2                                         {product} {ergonomic}
     uint G1ConcRefinementThreads                  = 8                                         {product} {ergonomic}
   size_t G1HeapRegionSize                         = 4194304                                   {product} {ergonomic}
   size_t InitialHeapSize                          = 536870912                                 {product} {ergonomic}
   size_t MarkStackSize                            = 4194304                                   {product} {ergonomic}
   size_t MarkStackSizeMax                         = 536870912                                 {product} {ergonomic}
   size_t MaxHeapSize                              = 8539602944                                {product} {ergonomic}
   size_t MaxNewSize                               = 5121245184                                {product} {ergonomic}
   size_t MinHeapDeltaBytes                        = 4194304                                   {product} {ergonomic}
   size_t MinHeapSize                              = 8388608                                   {product} {ergonomic}
    uintx NonNMethodCodeHeapSize                   = 5832704                                {pd product} {ergonomic}
    uintx NonProfiledCodeHeapSize                  = 122945536                              {pd product} {ergonomic}
    uintx ProfiledCodeHeapSize                     = 122880000                              {pd product} {ergonomic}
    uintx ReservedCodeCacheSize                    = 251658240                              {pd product} {ergonomic}
     bool SegmentedCodeCache                       = true                                      {product} {ergonomic}
   size_t SoftMaxHeapSize                          = 8539602944                             {manageable} {ergonomic}
     bool UseCompressedOops                        = true                           {product lp64_product} {ergonomic}
     bool UseG1GC                                  = true                                      {product} {ergonomic}
     bool UseLargePagesIndividualAllocation        = false                                  {pd product} {ergonomic}

Logging:
Log output configuration:
 #0: stdout all=warning uptime,level,tags foldmultilines=false
 #1: stderr all=off uptime,level,tags foldmultilines=false

Environment Variables:
JAVA_HOME=C:\Program Files\Java\jdk-23
PATH=C:\Users\ADSO\AppData\Local\Programs\Python\Python312\Scripts\;C:\Users\ADSO\AppData\Local\Programs\Python\Python312\;C:\Program Files\Common Files\Oracle\Java\javapath;C:\WINDOWS\system32;C:\WINDOWS;C:\WINDOWS\System32\Wbem;C:\WINDOWS\System32\WindowsPowerShell\v1.0\;C:\WINDOWS\System32\OpenSSH\;C:\Program Files\dotnet\;C:\Program Files\Microsoft SQL Server\150\Tools\Binn\;C:\Program Files\Microsoft SQL Server\Client SDK\ODBC\170\Tools\Binn\;C:\Program Files (x86)\Windows Kits\10\Windows Performance Toolkit\;C:\Program Files\nodejs\;C:\ProgramData\chocolatey\bin;C:\laragon\bin\php\php-8.2.26-Win32-vs16-x64;C:\composer;C:\Program Files\Git\cmd;C:\Users\ADSO\AppData\Local\Microsoft\WindowsApps;C:\Users\ADSO\AppData\Local\Programs\Microsoft VS Code\bin;C:\Users\ADSO\AppData\Local\Programs\oh-my-posh\bin;C:\Users\ADSO\.dotnet\tools;C:\Program Files\JetBrains\PhpStorm 2024.2.4\bin;;C:\Program Files\MongoDB\Server\8.0\bin;C:\Program Files\MongoDB\mongosh-2.3.3-win32-x64\mongosh-2.3.3-win32-x64\bin;C:\Users\ADSO\AppData\Roaming\npm;C:\Users\ADSO\AppData\Roaming\Composer\vendor\bin;C:\laragon\bin\php\php-8.2.26-Win32-vs16-x64;C:\Users\ADSO\AppData\Local\spicetify;C:\Users\ADSO\AppData\Local\Microsoft\WindowsApps;C:\Program Files\JetBrains\IntelliJ IDEA Community Edition 2024.3.5\bin;
USERNAME=ADSO
OS=Windows_NT
PROCESSOR_IDENTIFIER=Intel64 Family 6 Model 158 Stepping 13, GenuineIntel
TMP=C:\Users\ADSO\AppData\Local\Temp
TEMP=C:\Users\ADSO\AppData\Local\Temp




Periodic native trim disabled

---------------  S Y S T E M  ---------------

OS:
 Windows 11 , 64 bit Build 26100 (10.0.26100.3775)
OS uptime: 0 days 2:14 hours
Hyper-V role detected

CPU: total 8 (initial active 8) (8 cores per cpu, 1 threads per core) family 6 model 158 stepping 13 microcode 0x104, cx8, cmov, fxsr, mmx, 3dnowpref, sse, sse2, sse3, ssse3, sse4.1, sse4.2, popcnt, lzcnt, tsc, tscinvbit, avx, avx2, aes, erms, clmul, bmi1, bmi2, adx, fma, vzeroupper, clflush, clflushopt, hv, rdtscp, f16c
Processor Information for the first 8 processors :
  Max Mhz: 3000, Current Mhz: 3000, Mhz Limit: 3000

Memory: 4k page, system-wide physical 32565M (19093M free)
TotalPageFile size 34613M (AvailPageFile size 19886M)
current process WorkingSet (physical memory assigned to process): 192M, peak: 216M
current process commit charge ("private bytes"): 220M, peak: 663M

vm_info: Java HotSpot(TM) 64-Bit Server VM (23.0.2+7-58) for windows-amd64 JRE (23.0.2+7-58), built on 2024-11-29T09:34:55Z with MS VC++ 17.6 (VS2022)

END.
